> Task :compileJava UP-TO-DATE
> Task :processResources UP-TO-DATE
> Task :classes UP-TO-DATE
> Task :resolveMainClassName UP-TO-DATE

> Task :bootRun

  .   ____          _            __ _ _
 /\\ / ___'_ __ _ _(_)_ __  __ _ \ \ \ \
( ( )\___ | '_ | '_| | '_ \/ _` | \ \ \ \
 \\/  ___)| |_)| | | | | || (_| |  ) ) ) )
  '  |____| .__|_| |_|_| |_\__, | / / / /
 =========|_|==============|___/=/_/_/_/

 :: Spring Boot ::                (v3.4.1)

2026-02-21T18:31:45.232+09:00  INFO 272 --- [cbs-mvp] [           main] com.example.cbs_mvp.CbsMvpApplication    : Starting CbsMvpApplication using Java 21.0.10 with PID 272 (C:\Users\topok\cbs-mvp\build\classes\java\main started by topok in C:\Users\topok\cbs-mvp)
2026-02-21T18:31:45.233+09:00 DEBUG 272 --- [cbs-mvp] [           main] com.example.cbs_mvp.CbsMvpApplication    : Running with Spring Boot v3.4.1, Spring v6.2.1
2026-02-21T18:31:45.234+09:00  INFO 272 --- [cbs-mvp] [           main] com.example.cbs_mvp.CbsMvpApplication    : The following 1 profile is active: "stub"
2026-02-21T18:31:45.838+09:00  INFO 272 --- [cbs-mvp] [           main] .s.d.r.c.RepositoryConfigurationDelegate : Bootstrapping Spring Data JPA repositories in DEFAULT mode.
2026-02-21T18:31:45.976+09:00  INFO 272 --- [cbs-mvp] [           main] .s.d.r.c.RepositoryConfigurationDelegate : Finished Spring Data repository scanning in 131 ms. Found 13 JPA repository interfaces.
2026-02-21T18:31:46.473+09:00  INFO 272 --- [cbs-mvp] [           main] o.s.b.w.embedded.tomcat.TomcatWebServer  : Tomcat initialized with port 8080 (http)
2026-02-21T18:31:46.483+09:00  INFO 272 --- [cbs-mvp] [           main] o.apache.catalina.core.StandardService   : Starting service [Tomcat]
2026-02-21T18:31:46.483+09:00  INFO 272 --- [cbs-mvp] [           main] o.apache.catalina.core.StandardEngine    : Starting Servlet engine: [Apache Tomcat/10.1.34]
2026-02-21T18:31:46.528+09:00  INFO 272 --- [cbs-mvp] [           main] o.a.c.c.C.[Tomcat].[localhost].[/]       : Initializing Spring embedded WebApplicationContext
2026-02-21T18:31:46.529+09:00  INFO 272 --- [cbs-mvp] [           main] w.s.c.ServletWebServerApplicationContext : Root WebApplicationContext: initialization completed in 1260 ms
2026-02-21T18:31:46.540+09:00  WARN 272 --- [cbs-mvp] [           main] c.e.cbs_mvp.security.JwtTokenService     : ======================================
2026-02-21T18:31:46.540+09:00  WARN 272 --- [cbs-mvp] [           main] c.e.cbs_mvp.security.JwtTokenService     : ⚠️ WARNING: Using default JWT secret!
2026-02-21T18:31:46.540+09:00  WARN 272 --- [cbs-mvp] [           main] c.e.cbs_mvp.security.JwtTokenService     : This is INSECURE for production use.
2026-02-21T18:31:46.540+09:00  WARN 272 --- [cbs-mvp] [           main] c.e.cbs_mvp.security.JwtTokenService     : Set JWT_SECRET environment variable.
2026-02-21T18:31:46.540+09:00  WARN 272 --- [cbs-mvp] [           main] c.e.cbs_mvp.security.JwtTokenService     : ======================================
2026-02-21T18:31:46.543+09:00  INFO 272 --- [cbs-mvp] [           main] c.e.cbs_mvp.security.JwtTokenService     : JWT service initialized. Token expiration: 24 hours
2026-02-21T18:31:46.571+09:00 DEBUG 272 --- [cbs-mvp] [           main] c.e.cbs_mvp.security.JwtAuthFilter       : Filter 'jwtAuthFilter' configured for use
2026-02-21T18:31:46.607+09:00  INFO 272 --- [cbs-mvp] [           main] com.zaxxer.hikari.HikariDataSource       : HikariPool-1 - Starting...
2026-02-21T18:31:46.697+09:00  INFO 272 --- [cbs-mvp] [           main] com.zaxxer.hikari.pool.HikariPool        : HikariPool-1 - Added connection org.postgresql.jdbc.PgConnection@68bd8ca7
2026-02-21T18:31:46.699+09:00  INFO 272 --- [cbs-mvp] [           main] com.zaxxer.hikari.HikariDataSource       : HikariPool-1 - Start completed.
2026-02-21T18:31:46.778+09:00  INFO 272 --- [cbs-mvp] [           main] o.hibernate.jpa.internal.util.LogHelper  : HHH000204: Processing PersistenceUnitInfo [name: default]
2026-02-21T18:31:46.818+09:00  INFO 272 --- [cbs-mvp] [           main] org.hibernate.Version                    : HHH000412: Hibernate ORM core version 6.6.4.Final
2026-02-21T18:31:46.843+09:00  INFO 272 --- [cbs-mvp] [           main] o.h.c.internal.RegionFactoryInitiator    : HHH000026: Second-level cache disabled
2026-02-21T18:31:47.045+09:00  INFO 272 --- [cbs-mvp] [           main] o.s.o.j.p.SpringPersistenceUnitInfo      : No LoadTimeWeaver setup: ignoring JPA class transformer
2026-02-21T18:31:47.112+09:00  INFO 272 --- [cbs-mvp] [           main] org.hibernate.orm.connections.pooling    : HHH10001005: Database info:
	Database JDBC URL [Connecting through datasource 'HikariDataSource (HikariPool-1)']
	Database driver: undefined/unknown
	Database version: 16.12
	Autocommit mode: undefined/unknown
	Isolation level: undefined/unknown
	Minimum pool size: undefined/unknown
	Maximum pool size: undefined/unknown
2026-02-21T18:31:47.923+09:00  INFO 272 --- [cbs-mvp] [           main] o.h.e.t.j.p.i.JtaPlatformInitiator       : HHH000489: No JTA platform available (set 'hibernate.transaction.jta.platform' to enable JTA platform integration)
2026-02-21T18:31:47.925+09:00  INFO 272 --- [cbs-mvp] [           main] j.LocalContainerEntityManagerFactoryBean : Initialized JPA EntityManagerFactory for persistence unit 'default'
2026-02-21T18:31:48.124+09:00  INFO 272 --- [cbs-mvp] [           main] o.s.d.j.r.query.QueryEnhancerFactory     : Hibernate is in classpath; If applicable, HQL parser will be used.
2026-02-21T18:31:48.798+09:00  WARN 272 --- [cbs-mvp] [           main] ConfigServletWebServerApplicationContext : Exception encountered during context initialization - cancelling refresh attempt: org.springframework.beans.factory.UnsatisfiedDependencyException: Error creating bean with name 'candidateCsvImportController' defined in file [C:\Users\topok\cbs-mvp\build\classes\java\main\com\example\cbs_mvp\candidate\CandidateCsvImportController.class]: Unsatisfied dependency expressed through constructor parameter 0: Error creating bean with name 'candidateCsvImportService' defined in file [C:\Users\topok\cbs-mvp\build\classes\java\main\com\example\cbs_mvp\candidate\CandidateCsvImportService.class]: Unsatisfied dependency expressed through constructor parameter 3: Error creating bean with name 'fxRateService' defined in file [C:\Users\topok\cbs-mvp\build\classes\java\main\com\example\cbs_mvp\fx\FxRateService.class]: Unsatisfied dependency expressed through constructor parameter 2: Error creating bean with name 'fxRateHistoryRepository' defined in com.example.cbs_mvp.repo.FxRateHistoryRepository defined in @EnableJpaRepositories declared on JpaRepositoriesRegistrar.EnableJpaRepositoriesConfiguration: Could not create query for public abstract java.util.List com.example.cbs_mvp.repo.FxRateHistoryRepository.findTopNByBaseCurrencyAndTargetCurrencyOrderByFetchedAtDesc(java.lang.String,java.lang.String,int); Reason: Failed to create query for method public abstract java.util.List com.example.cbs_mvp.repo.FxRateHistoryRepository.findTopNByBaseCurrencyAndTargetCurrencyOrderByFetchedAtDesc(java.lang.String,java.lang.String,int); At least 3 parameter(s) provided but only 2 parameter(s) present in query
2026-02-21T18:31:48.798+09:00  INFO 272 --- [cbs-mvp] [           main] j.LocalContainerEntityManagerFactoryBean : Closing JPA EntityManagerFactory for persistence unit 'default'
2026-02-21T18:31:48.800+09:00  INFO 272 --- [cbs-mvp] [           main] com.zaxxer.hikari.HikariDataSource       : HikariPool-1 - Shutdown initiated...
2026-02-21T18:31:48.802+09:00  INFO 272 --- [cbs-mvp] [           main] com.zaxxer.hikari.HikariDataSource       : HikariPool-1 - Shutdown completed.
2026-02-21T18:31:48.804+09:00  INFO 272 --- [cbs-mvp] [           main] o.apache.catalina.core.StandardService   : Stopping service [Tomcat]
2026-02-21T18:31:48.811+09:00  INFO 272 --- [cbs-mvp] [           main] .s.b.a.l.ConditionEvaluationReportLogger : 

Error starting ApplicationContext. To display the condition evaluation report re-run your application with 'debug' enabled.
2026-02-21T18:31:48.824+09:00 ERROR 272 --- [cbs-mvp] [           main] o.s.boot.SpringApplication               : Application run failed

org.springframework.beans.factory.UnsatisfiedDependencyException: Error creating bean with name 'candidateCsvImportController' defined in file [C:\Users\topok\cbs-mvp\build\classes\java\main\com\example\cbs_mvp\candidate\CandidateCsvImportController.class]: Unsatisfied dependency expressed through constructor parameter 0: Error creating bean with name 'candidateCsvImportService' defined in file [C:\Users\topok\cbs-mvp\build\classes\java\main\com\example\cbs_mvp\candidate\CandidateCsvImportService.class]: Unsatisfied dependency expressed through constructor parameter 3: Error creating bean with name 'fxRateService' defined in file [C:\Users\topok\cbs-mvp\build\classes\java\main\com\example\cbs_mvp\fx\FxRateService.class]: Unsatisfied dependency expressed through constructor parameter 2: Error creating bean with name 'fxRateHistoryRepository' defined in com.example.cbs_mvp.repo.FxRateHistoryRepository defined in @EnableJpaRepositories declared on JpaRepositoriesRegistrar.EnableJpaRepositoriesConfiguration: Could not create query for public abstract java.util.List com.example.cbs_mvp.repo.FxRateHistoryRepository.findTopNByBaseCurrencyAndTargetCurrencyOrderByFetchedAtDesc(java.lang.String,java.lang.String,int); Reason: Failed to create query for method public abstract java.util.List com.example.cbs_mvp.repo.FxRateHistoryRepository.findTopNByBaseCurrencyAndTargetCurrencyOrderByFetchedAtDesc(java.lang.String,java.lang.String,int); At least 3 parameter(s) provided but only 2 parameter(s) present in query
	at org.springframework.beans.factory.support.ConstructorResolver.createArgumentArray(ConstructorResolver.java:804) ~[spring-beans-6.2.1.jar:6.2.1]
	at org.springframework.beans.factory.support.ConstructorResolver.autowireConstructor(ConstructorResolver.java:240) ~[spring-beans-6.2.1.jar:6.2.1]
	at org.springframework.beans.factory.support.AbstractAutowireCapableBeanFactory.autowireConstructor(AbstractAutowireCapableBeanFactory.java:1377) ~[spring-beans-6.2.1.jar:6.2.1]
	at org.springframework.beans.factory.support.AbstractAutowireCapableBeanFactory.createBeanInstance(AbstractAutowireCapableBeanFactory.java:1214) ~[spring-beans-6.2.1.jar:6.2.1]
	at org.springframework.beans.factory.support.AbstractAutowireCapableBeanFactory.doCreateBean(AbstractAutowireCapableBeanFactory.java:563) ~[spring-beans-6.2.1.jar:6.2.1]
	at org.springframework.beans.factory.support.AbstractAutowireCapableBeanFactory.createBean(AbstractAutowireCapableBeanFactory.java:523) ~[spring-beans-6.2.1.jar:6.2.1]
	at org.springframework.beans.factory.support.AbstractBeanFactory.lambda$doGetBean$0(AbstractBeanFactory.java:336) ~[spring-beans-6.2.1.jar:6.2.1]
	at org.springframework.beans.factory.support.DefaultSingletonBeanRegistry.getSingleton(DefaultSingletonBeanRegistry.java:289) ~[spring-beans-6.2.1.jar:6.2.1]
	at org.springframework.beans.factory.support.AbstractBeanFactory.doGetBean(AbstractBeanFactory.java:334) ~[spring-beans-6.2.1.jar:6.2.1]
	at org.springframework.beans.factory.support.AbstractBeanFactory.getBean(AbstractBeanFactory.java:199) ~[spring-beans-6.2.1.jar:6.2.1]
	at org.springframework.beans.factory.support.DefaultListableBeanFactory.instantiateSingleton(DefaultListableBeanFactory.java:1122) ~[spring-beans-6.2.1.jar:6.2.1]
	at org.springframework.beans.factory.support.DefaultListableBeanFactory.preInstantiateSingleton(DefaultListableBeanFactory.java:1093) ~[spring-beans-6.2.1.jar:6.2.1]
	at org.springframework.beans.factory.support.DefaultListableBeanFactory.preInstantiateSingletons(DefaultListableBeanFactory.java:1030) ~[spring-beans-6.2.1.jar:6.2.1]
	at org.springframework.context.support.AbstractApplicationContext.finishBeanFactoryInitialization(AbstractApplicationContext.java:987) ~[spring-context-6.2.1.jar:6.2.1]
	at org.springframework.context.support.AbstractApplicationContext.refresh(AbstractApplicationContext.java:627) ~[spring-context-6.2.1.jar:6.2.1]
	at org.springframework.boot.web.servlet.context.ServletWebServerApplicationContext.refresh(ServletWebServerApplicationContext.java:146) ~[spring-boot-3.4.1.jar:3.4.1]
	at org.springframework.boot.SpringApplication.refresh(SpringApplication.java:752) ~[spring-boot-3.4.1.jar:3.4.1]
	at org.springframework.boot.SpringApplication.refreshContext(SpringApplication.java:439) ~[spring-boot-3.4.1.jar:3.4.1]
	at org.springframework.boot.SpringApplication.run(SpringApplication.java:318) ~[spring-boot-3.4.1.jar:3.4.1]
	at org.springframework.boot.SpringApplication.run(SpringApplication.java:1361) ~[spring-boot-3.4.1.jar:3.4.1]
	at org.springframework.boot.SpringApplication.run(SpringApplication.java:1350) ~[spring-boot-3.4.1.jar:3.4.1]
	at com.example.cbs_mvp.CbsMvpApplication.main(CbsMvpApplication.java:13) ~[main/:na]
Caused by: org.springframework.beans.factory.UnsatisfiedDependencyException: Error creating bean with name 'candidateCsvImportService' defined in file [C:\Users\topok\cbs-mvp\build\classes\java\main\com\example\cbs_mvp\candidate\CandidateCsvImportService.class]: Unsatisfied dependency expressed through constructor parameter 3: Error creating bean with name 'fxRateService' defined in file [C:\Users\topok\cbs-mvp\build\classes\java\main\com\example\cbs_mvp\fx\FxRateService.class]: Unsatisfied dependency expressed through constructor parameter 2: Error creating bean with name 'fxRateHistoryRepository' defined in com.example.cbs_mvp.repo.FxRateHistoryRepository defined in @EnableJpaRepositories declared on JpaRepositoriesRegistrar.EnableJpaRepositoriesConfiguration: Could not create query for public abstract java.util.List com.example.cbs_mvp.repo.FxRateHistoryRepository.findTopNByBaseCurrencyAndTargetCurrencyOrderByFetchedAtDesc(java.lang.String,java.lang.String,int); Reason: Failed to create query for method public abstract java.util.List com.example.cbs_mvp.repo.FxRateHistoryRepository.findTopNByBaseCurrencyAndTargetCurrencyOrderByFetchedAtDesc(java.lang.String,java.lang.String,int); At least 3 parameter(s) provided but only 2 parameter(s) present in query
	at org.springframework.beans.factory.support.ConstructorResolver.createArgumentArray(ConstructorResolver.java:804) ~[spring-beans-6.2.1.jar:6.2.1]
	at org.springframework.beans.factory.support.ConstructorResolver.autowireConstructor(ConstructorResolver.java:240) ~[spring-beans-6.2.1.jar:6.2.1]
	at org.springframework.beans.factory.support.AbstractAutowireCapableBeanFactory.autowireConstructor(AbstractAutowireCapableBeanFactory.java:1377) ~[spring-beans-6.2.1.jar:6.2.1]
	at org.springframework.beans.factory.support.AbstractAutowireCapableBeanFactory.createBeanInstance(AbstractAutowireCapableBeanFactory.java:1214) ~[spring-beans-6.2.1.jar:6.2.1]
	at org.springframework.beans.factory.support.AbstractAutowireCapableBeanFactory.doCreateBean(AbstractAutowireCapableBeanFactory.java:563) ~[spring-beans-6.2.1.jar:6.2.1]
	at org.springframework.beans.factory.support.AbstractAutowireCapableBeanFactory.createBean(AbstractAutowireCapableBeanFactory.java:523) ~[spring-beans-6.2.1.jar:6.2.1]
	at org.springframework.beans.factory.support.AbstractBeanFactory.lambda$doGetBean$0(AbstractBeanFactory.java:336) ~[spring-beans-6.2.1.jar:6.2.1]
	at org.springframework.beans.factory.support.DefaultSingletonBeanRegistry.getSingleton(DefaultSingletonBeanRegistry.java:289) ~[spring-beans-6.2.1.jar:6.2.1]
	at org.springframework.beans.factory.support.AbstractBeanFactory.doGetBean(AbstractBeanFactory.java:334) ~[spring-beans-6.2.1.jar:6.2.1]
	at org.springframework.beans.factory.support.AbstractBeanFactory.getBean(AbstractBeanFactory.java:199) ~[spring-beans-6.2.1.jar:6.2.1]
	at org.springframework.beans.factory.config.DependencyDescriptor.resolveCandidate(DependencyDescriptor.java:254) ~[spring-beans-6.2.1.jar:6.2.1]
	at org.springframework.beans.factory.support.DefaultListableBeanFactory.doResolveDependency(DefaultListableBeanFactory.java:1631) ~[spring-beans-6.2.1.jar:6.2.1]
	at org.springframework.beans.factory.support.DefaultListableBeanFactory.resolveDependency(DefaultListableBeanFactory.java:1519) ~[spring-beans-6.2.1.jar:6.2.1]
	at org.springframework.beans.factory.support.ConstructorResolver.resolveAutowiredArgument(ConstructorResolver.java:913) ~[spring-beans-6.2.1.jar:6.2.1]
	at org.springframework.beans.factory.support.ConstructorResolver.createArgumentArray(ConstructorResolver.java:791) ~[spring-beans-6.2.1.jar:6.2.1]
	... 21 common frames omitted
Caused by: org.springframework.beans.factory.UnsatisfiedDependencyException: Error creating bean with name 'fxRateService' defined in file [C:\Users\topok\cbs-mvp\build\classes\java\main\com\example\cbs_mvp\fx\FxRateService.class]: Unsatisfied dependency expressed through constructor parameter 2: Error creating bean with name 'fxRateHistoryRepository' defined in com.example.cbs_mvp.repo.FxRateHistoryRepository defined in @EnableJpaRepositories declared on JpaRepositoriesRegistrar.EnableJpaRepositoriesConfiguration: Could not create query for public abstract java.util.List com.example.cbs_mvp.repo.FxRateHistoryRepository.findTopNByBaseCurrencyAndTargetCurrencyOrderByFetchedAtDesc(java.lang.String,java.lang.String,int); Reason: Failed to create query for method public abstract java.util.List com.example.cbs_mvp.repo.FxRateHistoryRepository.findTopNByBaseCurrencyAndTargetCurrencyOrderByFetchedAtDesc(java.lang.String,java.lang.String,int); At least 3 parameter(s) provided but only 2 parameter(s) present in query
	at org.springframework.beans.factory.support.ConstructorResolver.createArgumentArray(ConstructorResolver.java:804) ~[spring-beans-6.2.1.jar:6.2.1]
	at org.springframework.beans.factory.support.ConstructorResolver.autowireConstructor(ConstructorResolver.java:240) ~[spring-beans-6.2.1.jar:6.2.1]
	at org.springframework.beans.factory.support.AbstractAutowireCapableBeanFactory.autowireConstructor(AbstractAutowireCapableBeanFactory.java:1377) ~[spring-beans-6.2.1.jar:6.2.1]
	at org.springframework.beans.factory.support.AbstractAutowireCapableBeanFactory.createBeanInstance(AbstractAutowireCapableBeanFactory.java:1214) ~[spring-beans-6.2.1.jar:6.2.1]
	at org.springframework.beans.factory.support.AbstractAutowireCapableBeanFactory.doCreateBean(AbstractAutowireCapableBeanFactory.java:563) ~[spring-beans-6.2.1.jar:6.2.1]
	at org.springframework.beans.factory.support.AbstractAutowireCapableBeanFactory.createBean(AbstractAutowireCapableBeanFactory.java:523) ~[spring-beans-6.2.1.jar:6.2.1]
	at org.springframework.beans.factory.support.AbstractBeanFactory.lambda$doGetBean$0(AbstractBeanFactory.java:336) ~[spring-beans-6.2.1.jar:6.2.1]
	at org.springframework.beans.factory.support.DefaultSingletonBeanRegistry.getSingleton(DefaultSingletonBeanRegistry.java:289) ~[spring-beans-6.2.1.jar:6.2.1]
	at org.springframework.beans.factory.support.AbstractBeanFactory.doGetBean(AbstractBeanFactory.java:334) ~[spring-beans-6.2.1.jar:6.2.1]
	at org.springframework.beans.factory.support.AbstractBeanFactory.getBean(AbstractBeanFactory.java:199) ~[spring-beans-6.2.1.jar:6.2.1]
	at org.springframework.beans.factory.support.DefaultListableBeanFactory.doResolveDependency(DefaultListableBeanFactory.java:1573) ~[spring-beans-6.2.1.jar:6.2.1]
	at org.springframework.beans.factory.support.DefaultListableBeanFactory.resolveDependency(DefaultListableBeanFactory.java:1519) ~[spring-beans-6.2.1.jar:6.2.1]
	at org.springframework.beans.factory.support.ConstructorResolver.resolveAutowiredArgument(ConstructorResolver.java:913) ~[spring-beans-6.2.1.jar:6.2.1]
	at org.springframework.beans.factory.support.ConstructorResolver.createArgumentArray(ConstructorResolver.java:791) ~[spring-beans-6.2.1.jar:6.2.1]
	... 35 common frames omitted
Caused by: org.springframework.beans.factory.BeanCreationException: Error creating bean with name 'fxRateHistoryRepository' defined in com.example.cbs_mvp.repo.FxRateHistoryRepository defined in @EnableJpaRepositories declared on JpaRepositoriesRegistrar.EnableJpaRepositoriesConfiguration: Could not create query for public abstract java.util.List com.example.cbs_mvp.repo.FxRateHistoryRepository.findTopNByBaseCurrencyAndTargetCurrencyOrderByFetchedAtDesc(java.lang.String,java.lang.String,int); Reason: Failed to create query for method public abstract java.util.List com.example.cbs_mvp.repo.FxRateHistoryRepository.findTopNByBaseCurrencyAndTargetCurrencyOrderByFetchedAtDesc(java.lang.String,java.lang.String,int); At least 3 parameter(s) provided but only 2 parameter(s) present in query
	at org.springframework.beans.factory.support.AbstractAutowireCapableBeanFactory.initializeBean(AbstractAutowireCapableBeanFactory.java:1808) ~[spring-beans-6.2.1.jar:6.2.1]
	at org.springframework.beans.factory.support.AbstractAutowireCapableBeanFactory.doCreateBean(AbstractAutowireCapableBeanFactory.java:601) ~[spring-beans-6.2.1.jar:6.2.1]
	at org.springframework.beans.factory.support.AbstractAutowireCapableBeanFactory.createBean(AbstractAutowireCapableBeanFactory.java:523) ~[spring-beans-6.2.1.jar:6.2.1]
	at org.springframework.beans.factory.support.AbstractBeanFactory.lambda$doGetBean$0(AbstractBeanFactory.java:336) ~[spring-beans-6.2.1.jar:6.2.1]
	at org.springframework.beans.factory.support.DefaultSingletonBeanRegistry.getSingleton(DefaultSingletonBeanRegistry.java:289) ~[spring-beans-6.2.1.jar:6.2.1]
	at org.springframework.beans.factory.support.AbstractBeanFactory.doGetBean(AbstractBeanFactory.java:334) ~[spring-beans-6.2.1.jar:6.2.1]
	at org.springframework.beans.factory.support.AbstractBeanFactory.getBean(AbstractBeanFactory.java:199) ~[spring-beans-6.2.1.jar:6.2.1]
	at org.springframework.beans.factory.config.DependencyDescriptor.resolveCandidate(DependencyDescriptor.java:254) ~[spring-beans-6.2.1.jar:6.2.1]
	at org.springframework.beans.factory.support.DefaultListableBeanFactory.doResolveDependency(DefaultListableBeanFactory.java:1631) ~[spring-beans-6.2.1.jar:6.2.1]
	at org.springframework.beans.factory.support.DefaultListableBeanFactory.resolveDependency(DefaultListableBeanFactory.java:1519) ~[spring-beans-6.2.1.jar:6.2.1]
	at org.springframework.beans.factory.support.ConstructorResolver.resolveAutowiredArgument(ConstructorResolver.java:913) ~[spring-beans-6.2.1.jar:6.2.1]
	at org.springframework.beans.factory.support.ConstructorResolver.createArgumentArray(ConstructorResolver.java:791) ~[spring-beans-6.2.1.jar:6.2.1]
	... 48 common frames omitted
Caused by: org.springframework.data.repository.query.QueryCreationException: Could not create query for public abstract java.util.List com.example.cbs_mvp.repo.FxRateHistoryRepository.findTopNByBaseCurrencyAndTargetCurrencyOrderByFetchedAtDesc(java.lang.String,java.lang.String,int); Reason: Failed to create query for method public abstract java.util.List com.example.cbs_mvp.repo.FxRateHistoryRepository.findTopNByBaseCurrencyAndTargetCurrencyOrderByFetchedAtDesc(java.lang.String,java.lang.String,int); At least 3 parameter(s) provided but only 2 parameter(s) present in query
	at org.springframework.data.repository.query.QueryCreationException.create(QueryCreationException.java:101) ~[spring-data-commons-3.4.1.jar:3.4.1]
	at org.springframework.data.repository.core.support.QueryExecutorMethodInterceptor.lookupQuery(QueryExecutorMethodInterceptor.java:120) ~[spring-data-commons-3.4.1.jar:3.4.1]
	at org.springframework.data.repository.core.support.QueryExecutorMethodInterceptor.mapMethodsToQuery(QueryExecutorMethodInterceptor.java:104) ~[spring-data-commons-3.4.1.jar:3.4.1]
	at org.springframework.data.repository.core.support.QueryExecutorMethodInterceptor.lambda$new$0(QueryExecutorMethodInterceptor.java:92) ~[spring-data-commons-3.4.1.jar:3.4.1]
	at java.base/java.util.Optional.map(Optional.java:260) ~[na:na]
	at org.springframework.data.repository.core.support.QueryExecutorMethodInterceptor.<init>(QueryExecutorMethodInterceptor.java:92) ~[spring-data-commons-3.4.1.jar:3.4.1]
	at org.springframework.data.repository.core.support.RepositoryFactorySupport.getRepository(RepositoryFactorySupport.java:440) ~[spring-data-commons-3.4.1.jar:3.4.1]
	at org.springframework.data.repository.core.support.RepositoryFactoryBeanSupport.lambda$afterPropertiesSet$4(RepositoryFactoryBeanSupport.java:350) ~[spring-data-commons-3.4.1.jar:3.4.1]
	at org.springframework.data.util.Lazy.getNullable(Lazy.java:135) ~[spring-data-commons-3.4.1.jar:3.4.1]
	at org.springframework.data.util.Lazy.get(Lazy.java:113) ~[spring-data-commons-3.4.1.jar:3.4.1]
	at org.springframework.data.repository.core.support.RepositoryFactoryBeanSupport.afterPropertiesSet(RepositoryFactoryBeanSupport.java:356) ~[spring-data-commons-3.4.1.jar:3.4.1]
	at org.springframework.data.jpa.repository.support.JpaRepositoryFactoryBean.afterPropertiesSet(JpaRepositoryFactoryBean.java:132) ~[spring-data-jpa-3.4.1.jar:3.4.1]
	at org.springframework.beans.factory.support.AbstractAutowireCapableBeanFactory.invokeInitMethods(AbstractAutowireCapableBeanFactory.java:1855) ~[spring-beans-6.2.1.jar:6.2.1]
	at org.springframework.beans.factory.support.AbstractAutowireCapableBeanFactory.initializeBean(AbstractAutowireCapableBeanFactory.java:1804) ~[spring-beans-6.2.1.jar:6.2.1]
	... 59 common frames omitted
Caused by: java.lang.IllegalArgumentException: Failed to create query for method public abstract java.util.List com.example.cbs_mvp.repo.FxRateHistoryRepository.findTopNByBaseCurrencyAndTargetCurrencyOrderByFetchedAtDesc(java.lang.String,java.lang.String,int); At least 3 parameter(s) provided but only 2 parameter(s) present in query
	at org.springframework.data.jpa.repository.query.PartTreeJpaQuery.<init>(PartTreeJpaQuery.java:107) ~[spring-data-jpa-3.4.1.jar:3.4.1]
	at org.springframework.data.jpa.repository.query.JpaQueryLookupStrategy$CreateQueryLookupStrategy.resolveQuery(JpaQueryLookupStrategy.java:128) ~[spring-data-jpa-3.4.1.jar:3.4.1]
	at org.springframework.data.jpa.repository.query.JpaQueryLookupStrategy$CreateIfNotFoundQueryLookupStrategy.resolveQuery(JpaQueryLookupStrategy.java:262) ~[spring-data-jpa-3.4.1.jar:3.4.1]
	at org.springframework.data.jpa.repository.query.JpaQueryLookupStrategy$AbstractQueryLookupStrategy.resolveQuery(JpaQueryLookupStrategy.java:99) ~[spring-data-jpa-3.4.1.jar:3.4.1]
	at org.springframework.data.repository.core.support.QueryExecutorMethodInterceptor.lookupQuery(QueryExecutorMethodInterceptor.java:116) ~[spring-data-commons-3.4.1.jar:3.4.1]
	... 71 common frames omitted
Caused by: java.lang.IllegalArgumentException: At least 3 parameter(s) provided but only 2 parameter(s) present in query
	at org.springframework.util.Assert.isTrue(Assert.java:135) ~[spring-core-6.2.1.jar:6.2.1]
	at org.springframework.data.jpa.repository.query.QueryParameterSetterFactory$CriteriaQueryParameterSetterFactory.create(QueryParameterSetterFactory.java:291) ~[spring-data-jpa-3.4.1.jar:3.4.1]
	at org.springframework.data.jpa.repository.query.ParameterBinderFactory.createQueryParameterSetter(ParameterBinderFactory.java:146) ~[spring-data-jpa-3.4.1.jar:3.4.1]
	at org.springframework.data.jpa.repository.query.ParameterBinderFactory.createSetters(ParameterBinderFactory.java:135) ~[spring-data-jpa-3.4.1.jar:3.4.1]
	at org.springframework.data.jpa.repository.query.ParameterBinderFactory.createSetters(ParameterBinderFactory.java:127) ~[spring-data-jpa-3.4.1.jar:3.4.1]
	at org.springframework.data.jpa.repository.query.ParameterBinderFactory.createCriteriaBinder(ParameterBinderFactory.java:73) ~[spring-data-jpa-3.4.1.jar:3.4.1]
	at org.springframework.data.jpa.repository.query.PartTreeJpaQuery$QueryPreparer.getBinder(PartTreeJpaQuery.java:350) ~[spring-data-jpa-3.4.1.jar:3.4.1]
	at org.springframework.data.jpa.repository.query.PartTreeJpaQuery$QueryPreparer.<init>(PartTreeJpaQuery.java:225) ~[spring-data-jpa-3.4.1.jar:3.4.1]
	at org.springframework.data.jpa.repository.query.PartTreeJpaQuery$CountQueryPreparer.<init>(PartTreeJpaQuery.java:370) ~[spring-data-jpa-3.4.1.jar:3.4.1]
	at org.springframework.data.jpa.repository.query.PartTreeJpaQuery.<init>(PartTreeJpaQuery.java:103) ~[spring-data-jpa-3.4.1.jar:3.4.1]
	... 75 common frames omitted


> Task :bootRun FAILED
4 actionable tasks: 1 executed, 3 up-to-date
