> Task :compileJava
> Task :processResources UP-TO-DATE
> Task :classes
> Task :resolveMainClassName

> Task :bootRun

  .   ____          _            __ _ _
 /\\ / ___'_ __ _ _(_)_ __  __ _ \ \ \ \
( ( )\___ | '_ | '_| | '_ \/ _` | \ \ \ \
 \\/  ___)| |_)| | | | | || (_| |  ) ) ) )
  '  |____| .__|_| |_|_| |_\__, | / / / /
 =========|_|==============|___/=/_/_/_/

 :: Spring Boot ::                (v4.0.1)

2026-01-13T00:28:00.915+09:00  INFO 27212 --- [cbs-mvp] [           main] com.example.cbs_mvp.CbsMvpApplication    : Starting CbsMvpApplication using Java 21.0.9 with PID 27212 (C:\Users\valo1\cbs-mvp\build\classes\java\main started by valo1 in C:\Users\valo1\cbs-mvp)
2026-01-13T00:28:00.918+09:00  INFO 27212 --- [cbs-mvp] [           main] com.example.cbs_mvp.CbsMvpApplication    : No active profile set, falling back to 1 default profile: "default"
2026-01-13T00:28:01.501+09:00  INFO 27212 --- [cbs-mvp] [           main] .s.d.r.c.RepositoryConfigurationDelegate : Bootstrapping Spring Data JPA repositories in DEFAULT mode.
2026-01-13T00:28:01.572+09:00  INFO 27212 --- [cbs-mvp] [           main] .s.d.r.c.RepositoryConfigurationDelegate : Finished Spring Data repository scanning in 63 ms. Found 9 JPA repository interfaces.
2026-01-13T00:28:01.956+09:00  INFO 27212 --- [cbs-mvp] [           main] o.s.boot.tomcat.TomcatWebServer          : Tomcat initialized with port 8080 (http)
2026-01-13T00:28:01.968+09:00  INFO 27212 --- [cbs-mvp] [           main] o.apache.catalina.core.StandardService   : Starting service [Tomcat]
2026-01-13T00:28:01.968+09:00  INFO 27212 --- [cbs-mvp] [           main] o.apache.catalina.core.StandardEngine    : Starting Servlet engine: [Apache Tomcat/11.0.15]
2026-01-13T00:28:02.013+09:00  INFO 27212 --- [cbs-mvp] [           main] b.w.c.s.WebApplicationContextInitializer : Root WebApplicationContext: initialization completed in 1052 ms
2026-01-13T00:28:02.101+09:00  INFO 27212 --- [cbs-mvp] [           main] com.zaxxer.hikari.HikariDataSource       : HikariPool-1 - Starting...
2026-01-13T00:28:02.225+09:00  INFO 27212 --- [cbs-mvp] [           main] com.zaxxer.hikari.pool.HikariPool        : HikariPool-1 - Added connection org.postgresql.jdbc.PgConnection@13803a94
2026-01-13T00:28:02.226+09:00  INFO 27212 --- [cbs-mvp] [           main] com.zaxxer.hikari.HikariDataSource       : HikariPool-1 - Start completed.
2026-01-13T00:28:02.322+09:00  INFO 27212 --- [cbs-mvp] [           main] org.hibernate.orm.jpa                    : HHH008540: Processing PersistenceUnitInfo [name: default]
2026-01-13T00:28:02.370+09:00  INFO 27212 --- [cbs-mvp] [           main] org.hibernate.orm.core                   : HHH000001: Hibernate ORM core version 7.2.0.Final
2026-01-13T00:28:02.779+09:00  INFO 27212 --- [cbs-mvp] [           main] o.s.o.j.p.SpringPersistenceUnitInfo      : No LoadTimeWeaver setup: ignoring JPA class transformer
2026-01-13T00:28:02.865+09:00  INFO 27212 --- [cbs-mvp] [           main] org.hibernate.orm.connections.pooling    : HHH10001005: Database info:
	Database JDBC URL [jdbc:postgresql://localhost:5432/cbs_mvp]
	Database driver: PostgreSQL JDBC Driver
	Database dialect: PostgreSQLDialect
	Database version: 16.11
	Default catalog/schema: cbs_mvp/public
	Autocommit mode: undefined/unknown
	Isolation level: READ_COMMITTED [default READ_COMMITTED]
	JDBC fetch size: none
	Pool: DataSourceConnectionProvider
	Minimum pool size: undefined/unknown
	Maximum pool size: undefined/unknown
2026-01-13T00:28:03.752+09:00  INFO 27212 --- [cbs-mvp] [           main] org.hibernate.orm.core                   : HHH000489: No JTA platform available (set 'hibernate.transaction.jta.platform' to enable JTA platform integration)
2026-01-13T00:28:03.766+09:00  INFO 27212 --- [cbs-mvp] [           main] j.LocalContainerEntityManagerFactoryBean : Initialized JPA EntityManagerFactory for persistence unit 'default'
2026-01-13T00:28:03.843+09:00  INFO 27212 --- [cbs-mvp] [           main] o.s.d.j.r.query.QueryEnhancerFactories   : Hibernate is in classpath; If applicable, HQL parser will be used.
2026-01-13T00:28:04.773+09:00  WARN 27212 --- [cbs-mvp] [           main] JpaBaseConfiguration$JpaWebConfiguration : spring.jpa.open-in-view is enabled by default. Therefore, database queries may be performed during view rendering. Explicitly configure spring.jpa.open-in-view to disable this warning
2026-01-13T00:28:05.046+09:00  INFO 27212 --- [cbs-mvp] [           main] o.s.boot.tomcat.TomcatWebServer          : Tomcat started on port 8080 (http) with context path '/'
2026-01-13T00:28:05.053+09:00  INFO 27212 --- [cbs-mvp] [           main] com.example.cbs_mvp.CbsMvpApplication    : Started CbsMvpApplication in 4.544 seconds (process running for 4.903)
2026-01-13T00:28:05.153+09:00  INFO 27212 --- [cbs-mvp] [   scheduling-1] com.example.cbs_mvp.batch.NightlyBatch   : [NightlyBatch] drafts created: 0
2026-01-13T00:28:15.069+09:00  INFO 27212 --- [cbs-mvp] [   scheduling-1] com.example.cbs_mvp.batch.NightlyBatch   : [NightlyBatch] drafts created: 0
2026-01-13T00:28:15.471+09:00  INFO 27212 --- [cbs-mvp] [nio-8080-exec-1] o.a.c.c.C.[Tomcat].[localhost].[/]       : Initializing Spring DispatcherServlet 'dispatcherServlet'
2026-01-13T00:28:15.473+09:00  INFO 27212 --- [cbs-mvp] [nio-8080-exec-1] o.s.web.servlet.DispatcherServlet        : Initializing Servlet 'dispatcherServlet'
2026-01-13T00:28:15.473+09:00  INFO 27212 --- [cbs-mvp] [nio-8080-exec-1] o.s.web.servlet.DispatcherServlet        : Completed initialization in 0 ms
2026-01-13T00:28:25.075+09:00  INFO 27212 --- [cbs-mvp] [   scheduling-1] com.example.cbs_mvp.batch.NightlyBatch   : [NightlyBatch] drafts created: 0
2026-01-13T00:28:35.067+09:00  INFO 27212 --- [cbs-mvp] [   scheduling-1] com.example.cbs_mvp.batch.NightlyBatch   : [NightlyBatch] drafts created: 0
2026-01-13T00:28:45.065+09:00  INFO 27212 --- [cbs-mvp] [   scheduling-1] com.example.cbs_mvp.batch.NightlyBatch   : [NightlyBatch] drafts created: 0
2026-01-13T00:28:55.064+09:00  INFO 27212 --- [cbs-mvp] [   scheduling-1] com.example.cbs_mvp.batch.NightlyBatch   : [NightlyBatch] drafts created: 0
2026-01-13T00:29:05.068+09:00  INFO 27212 --- [cbs-mvp] [   scheduling-1] com.example.cbs_mvp.batch.NightlyBatch   : [NightlyBatch] drafts created: 0
2026-01-13T00:29:15.068+09:00  INFO 27212 --- [cbs-mvp] [   scheduling-1] com.example.cbs_mvp.batch.NightlyBatch   : [NightlyBatch] drafts created: 0
2026-01-13T00:29:25.075+09:00  INFO 27212 --- [cbs-mvp] [   scheduling-1] com.example.cbs_mvp.batch.NightlyBatch   : [NightlyBatch] drafts created: 0
2026-01-13T00:29:35.068+09:00  INFO 27212 --- [cbs-mvp] [   scheduling-1] com.example.cbs_mvp.batch.NightlyBatch   : [NightlyBatch] drafts created: 0
2026-01-13T00:29:45.068+09:00  INFO 27212 --- [cbs-mvp] [   scheduling-1] com.example.cbs_mvp.batch.NightlyBatch   : [NightlyBatch] drafts created: 0
2026-01-13T00:29:55.068+09:00  INFO 27212 --- [cbs-mvp] [   scheduling-1] com.example.cbs_mvp.batch.NightlyBatch   : [NightlyBatch] drafts created: 0
2026-01-13T00:30:05.070+09:00  INFO 27212 --- [cbs-mvp] [   scheduling-1] com.example.cbs_mvp.batch.NightlyBatch   : [NightlyBatch] drafts created: 0
2026-01-13T00:30:15.066+09:00  INFO 27212 --- [cbs-mvp] [   scheduling-1] com.example.cbs_mvp.batch.NightlyBatch   : [NightlyBatch] drafts created: 0
2026-01-13T00:30:25.065+09:00  INFO 27212 --- [cbs-mvp] [   scheduling-1] com.example.cbs_mvp.batch.NightlyBatch   : [NightlyBatch] drafts created: 0
2026-01-13T00:30:35.073+09:00  INFO 27212 --- [cbs-mvp] [   scheduling-1] com.example.cbs_mvp.batch.NightlyBatch   : [NightlyBatch] drafts created: 0
2026-01-13T00:30:45.060+09:00  INFO 27212 --- [cbs-mvp] [   scheduling-1] com.example.cbs_mvp.batch.NightlyBatch   : [NightlyBatch] drafts created: 0
2026-01-13T00:30:55.074+09:00  INFO 27212 --- [cbs-mvp] [   scheduling-1] com.example.cbs_mvp.batch.NightlyBatch   : [NightlyBatch] drafts created: 0
2026-01-13T00:31:05.074+09:00  INFO 27212 --- [cbs-mvp] [   scheduling-1] com.example.cbs_mvp.batch.NightlyBatch   : [NightlyBatch] drafts created: 0
2026-01-13T00:31:15.075+09:00  INFO 27212 --- [cbs-mvp] [   scheduling-1] com.example.cbs_mvp.batch.NightlyBatch   : [NightlyBatch] drafts created: 0
