> Task :compileJava UP-TO-DATE
> Task :processResources UP-TO-DATE
> Task :classes UP-TO-DATE
> Task :resolveMainClassName UP-TO-DATE

> Task :bootRun

  .   ____          _            __ _ _
 /\\ / ___'_ __ _ _(_)_ __  __ _ \ \ \ \
( ( )\___ | '_ | '_| | '_ \/ _` | \ \ \ \
 \\/  ___)| |_)| | | | | || (_| |  ) ) ) )
  '  |____| .__|_| |_|_| |_\__, | / / / /
 =========|_|==============|___/=/_/_/_/

 :: Spring Boot ::                (v4.0.1)

2026-01-18T22:43:11.805+09:00  INFO 23424 --- [cbs-mvp] [           main] com.example.cbs_mvp.CbsMvpApplication    : Starting CbsMvpApplication using Java 21.0.9 with PID 23424 (C:\Users\valo1\cbs-mvp\build\classes\java\main started by valo1 in C:\Users\valo1\cbs-mvp)
2026-01-18T22:43:11.808+09:00  INFO 23424 --- [cbs-mvp] [           main] com.example.cbs_mvp.CbsMvpApplication    : No active profile set, falling back to 1 default profile: "default"
2026-01-18T22:43:12.431+09:00  INFO 23424 --- [cbs-mvp] [           main] .s.d.r.c.RepositoryConfigurationDelegate : Bootstrapping Spring Data JPA repositories in DEFAULT mode.
2026-01-18T22:43:12.498+09:00  INFO 23424 --- [cbs-mvp] [           main] .s.d.r.c.RepositoryConfigurationDelegate : Finished Spring Data repository scanning in 59 ms. Found 9 JPA repository interfaces.
2026-01-18T22:43:12.937+09:00  INFO 23424 --- [cbs-mvp] [           main] o.s.boot.tomcat.TomcatWebServer          : Tomcat initialized with port 8080 (http)
2026-01-18T22:43:12.951+09:00  INFO 23424 --- [cbs-mvp] [           main] o.apache.catalina.core.StandardService   : Starting service [Tomcat]
2026-01-18T22:43:12.951+09:00  INFO 23424 --- [cbs-mvp] [           main] o.apache.catalina.core.StandardEngine    : Starting Servlet engine: [Apache Tomcat/11.0.15]
2026-01-18T22:43:12.997+09:00  INFO 23424 --- [cbs-mvp] [           main] b.w.c.s.WebApplicationContextInitializer : Root WebApplicationContext: initialization completed in 1142 ms
2026-01-18T22:43:13.091+09:00  INFO 23424 --- [cbs-mvp] [           main] com.zaxxer.hikari.HikariDataSource       : HikariPool-1 - Starting...
2026-01-18T22:43:13.251+09:00  INFO 23424 --- [cbs-mvp] [           main] com.zaxxer.hikari.pool.HikariPool        : HikariPool-1 - Added connection org.postgresql.jdbc.PgConnection@69f2cb04
2026-01-18T22:43:13.253+09:00  INFO 23424 --- [cbs-mvp] [           main] com.zaxxer.hikari.HikariDataSource       : HikariPool-1 - Start completed.
2026-01-18T22:43:13.469+09:00  INFO 23424 --- [cbs-mvp] [           main] org.hibernate.orm.jpa                    : HHH008540: Processing PersistenceUnitInfo [name: default]
2026-01-18T22:43:13.549+09:00  INFO 23424 --- [cbs-mvp] [           main] org.hibernate.orm.core                   : HHH000001: Hibernate ORM core version 7.2.0.Final
2026-01-18T22:43:14.025+09:00  INFO 23424 --- [cbs-mvp] [           main] o.s.o.j.p.SpringPersistenceUnitInfo      : No LoadTimeWeaver setup: ignoring JPA class transformer
2026-01-18T22:43:14.154+09:00  INFO 23424 --- [cbs-mvp] [           main] org.hibernate.orm.connections.pooling    : HHH10001005: Database info:
	Database JDBC URL [jdbc:postgresql://localhost:5432/cbs_mvp]
	Database driver: PostgreSQL JDBC Driver
	Database dialect: PostgreSQLDialect
	Database version: 16.11
	Default catalog/schema: cbs_mvp/public
	Autocommit mode: undefined/unknown
	Isolation level: READ_COMMITTED [default READ_COMMITTED]
	JDBC fetch size: none
	Pool: DataSourceConnectionProvider
	Minimum pool size: undefined/unknown
	Maximum pool size: undefined/unknown
2026-01-18T22:43:15.087+09:00  INFO 23424 --- [cbs-mvp] [           main] org.hibernate.orm.core                   : HHH000489: No JTA platform available (set 'hibernate.transaction.jta.platform' to enable JTA platform integration)
2026-01-18T22:43:15.094+09:00  INFO 23424 --- [cbs-mvp] [           main] j.LocalContainerEntityManagerFactoryBean : Initialized JPA EntityManagerFactory for persistence unit 'default'
2026-01-18T22:43:15.178+09:00  INFO 23424 --- [cbs-mvp] [           main] o.s.d.j.r.query.QueryEnhancerFactories   : Hibernate is in classpath; If applicable, HQL parser will be used.
2026-01-18T22:43:16.382+09:00  WARN 23424 --- [cbs-mvp] [           main] JpaBaseConfiguration$JpaWebConfiguration : spring.jpa.open-in-view is enabled by default. Therefore, database queries may be performed during view rendering. Explicitly configure spring.jpa.open-in-view to disable this warning
2026-01-18T22:43:16.645+09:00  INFO 23424 --- [cbs-mvp] [           main] o.s.boot.tomcat.TomcatWebServer          : Tomcat started on port 8080 (http) with context path '/'
2026-01-18T22:43:16.651+09:00  INFO 23424 --- [cbs-mvp] [           main] com.example.cbs_mvp.CbsMvpApplication    : Started CbsMvpApplication in 5.28 seconds (process running for 5.639)
2026-01-18T22:43:16.738+09:00  INFO 23424 --- [cbs-mvp] [   scheduling-1] com.example.cbs_mvp.batch.NightlyBatch   : [NightlyBatch] drafts created: 0
2026-01-18T22:43:17.699+09:00  INFO 23424 --- [cbs-mvp] [nio-8080-exec-1] o.a.c.c.C.[Tomcat].[localhost].[/]       : Initializing Spring DispatcherServlet 'dispatcherServlet'
2026-01-18T22:43:17.699+09:00  INFO 23424 --- [cbs-mvp] [nio-8080-exec-1] o.s.web.servlet.DispatcherServlet        : Initializing Servlet 'dispatcherServlet'
2026-01-18T22:43:17.700+09:00  INFO 23424 --- [cbs-mvp] [nio-8080-exec-1] o.s.web.servlet.DispatcherServlet        : Completed initialization in 1 ms
2026-01-18T22:43:26.663+09:00  INFO 23424 --- [cbs-mvp] [   scheduling-1] com.example.cbs_mvp.batch.NightlyBatch   : [NightlyBatch] drafts created: 0
2026-01-18T22:43:36.658+09:00  INFO 23424 --- [cbs-mvp] [   scheduling-1] com.example.cbs_mvp.batch.NightlyBatch   : [NightlyBatch] drafts created: 0
2026-01-18T22:43:46.661+09:00  INFO 23424 --- [cbs-mvp] [   scheduling-1] com.example.cbs_mvp.batch.NightlyBatch   : [NightlyBatch] drafts created: 0
2026-01-18T22:43:56.665+09:00  INFO 23424 --- [cbs-mvp] [   scheduling-1] com.example.cbs_mvp.batch.NightlyBatch   : [NightlyBatch] drafts created: 0
2026-01-18T22:44:06.661+09:00  INFO 23424 --- [cbs-mvp] [   scheduling-1] com.example.cbs_mvp.batch.NightlyBatch   : [NightlyBatch] drafts created: 0
2026-01-18T22:44:16.656+09:00  INFO 23424 --- [cbs-mvp] [   scheduling-1] com.example.cbs_mvp.batch.NightlyBatch   : [NightlyBatch] drafts created: 0
2026-01-18T22:44:26.660+09:00  INFO 23424 --- [cbs-mvp] [   scheduling-1] com.example.cbs_mvp.batch.NightlyBatch   : [NightlyBatch] drafts created: 0
2026-01-18T22:44:36.657+09:00  INFO 23424 --- [cbs-mvp] [   scheduling-1] com.example.cbs_mvp.batch.NightlyBatch   : [NightlyBatch] drafts created: 0
2026-01-18T22:44:46.656+09:00  INFO 23424 --- [cbs-mvp] [   scheduling-1] com.example.cbs_mvp.batch.NightlyBatch   : [NightlyBatch] drafts created: 0
2026-01-18T22:44:56.656+09:00  INFO 23424 --- [cbs-mvp] [   scheduling-1] com.example.cbs_mvp.batch.NightlyBatch   : [NightlyBatch] drafts created: 0
2026-01-18T22:45:06.655+09:00  INFO 23424 --- [cbs-mvp] [   scheduling-1] com.example.cbs_mvp.batch.NightlyBatch   : [NightlyBatch] drafts created: 0
2026-01-18T22:45:16.653+09:00  INFO 23424 --- [cbs-mvp] [   scheduling-1] com.example.cbs_mvp.batch.NightlyBatch   : [NightlyBatch] drafts created: 0
2026-01-18T22:45:26.658+09:00  INFO 23424 --- [cbs-mvp] [   scheduling-1] com.example.cbs_mvp.batch.NightlyBatch   : [NightlyBatch] drafts created: 0
2026-01-18T22:45:36.660+09:00  INFO 23424 --- [cbs-mvp] [   scheduling-1] com.example.cbs_mvp.batch.NightlyBatch   : [NightlyBatch] drafts created: 0
2026-01-18T22:45:46.663+09:00  INFO 23424 --- [cbs-mvp] [   scheduling-1] com.example.cbs_mvp.batch.NightlyBatch   : [NightlyBatch] drafts created: 0
2026-01-18T22:45:56.669+09:00  INFO 23424 --- [cbs-mvp] [   scheduling-1] com.example.cbs_mvp.batch.NightlyBatch   : [NightlyBatch] drafts created: 0
2026-01-18T22:46:06.655+09:00  INFO 23424 --- [cbs-mvp] [   scheduling-1] com.example.cbs_mvp.batch.NightlyBatch   : [NightlyBatch] drafts created: 0
2026-01-18T22:46:16.659+09:00  INFO 23424 --- [cbs-mvp] [   scheduling-1] com.example.cbs_mvp.batch.NightlyBatch   : [NightlyBatch] drafts created: 0
2026-01-18T22:46:26.659+09:00  INFO 23424 --- [cbs-mvp] [   scheduling-1] com.example.cbs_mvp.batch.NightlyBatch   : [NightlyBatch] drafts created: 0
2026-01-18T22:46:36.656+09:00  INFO 23424 --- [cbs-mvp] [   scheduling-1] com.example.cbs_mvp.batch.NightlyBatch   : [NightlyBatch] drafts created: 0
2026-01-18T22:46:46.665+09:00  INFO 23424 --- [cbs-mvp] [   scheduling-1] com.example.cbs_mvp.batch.NightlyBatch   : [NightlyBatch] drafts created: 0
2026-01-18T22:46:56.655+09:00  INFO 23424 --- [cbs-mvp] [   scheduling-1] com.example.cbs_mvp.batch.NightlyBatch   : [NightlyBatch] drafts created: 0
2026-01-18T22:47:06.657+09:00  INFO 23424 --- [cbs-mvp] [   scheduling-1] com.example.cbs_mvp.batch.NightlyBatch   : [NightlyBatch] drafts created: 0
2026-01-18T22:47:16.655+09:00  INFO 23424 --- [cbs-mvp] [   scheduling-1] com.example.cbs_mvp.batch.NightlyBatch   : [NightlyBatch] drafts created: 0
2026-01-18T22:47:26.655+09:00  INFO 23424 --- [cbs-mvp] [   scheduling-1] com.example.cbs_mvp.batch.NightlyBatch   : [NightlyBatch] drafts created: 0
2026-01-18T22:47:36.660+09:00  INFO 23424 --- [cbs-mvp] [   scheduling-1] com.example.cbs_mvp.batch.NightlyBatch   : [NightlyBatch] drafts created: 0
2026-01-18T22:47:46.656+09:00  INFO 23424 --- [cbs-mvp] [   scheduling-1] com.example.cbs_mvp.batch.NightlyBatch   : [NightlyBatch] drafts created: 0
2026-01-18T22:47:56.655+09:00  INFO 23424 --- [cbs-mvp] [   scheduling-1] com.example.cbs_mvp.batch.NightlyBatch   : [NightlyBatch] drafts created: 0
2026-01-18T22:48:06.659+09:00  INFO 23424 --- [cbs-mvp] [   scheduling-1] com.example.cbs_mvp.batch.NightlyBatch   : [NightlyBatch] drafts created: 0
2026-01-18T22:48:16.659+09:00  INFO 23424 --- [cbs-mvp] [   scheduling-1] com.example.cbs_mvp.batch.NightlyBatch   : [NightlyBatch] drafts created: 0
2026-01-18T22:48:26.655+09:00  INFO 23424 --- [cbs-mvp] [   scheduling-1] com.example.cbs_mvp.batch.NightlyBatch   : [NightlyBatch] drafts created: 0
2026-01-18T22:48:36.661+09:00  INFO 23424 --- [cbs-mvp] [   scheduling-1] com.example.cbs_mvp.batch.NightlyBatch   : [NightlyBatch] drafts created: 0
2026-01-18T22:48:46.657+09:00  INFO 23424 --- [cbs-mvp] [   scheduling-1] com.example.cbs_mvp.batch.NightlyBatch   : [NightlyBatch] drafts created: 0
2026-01-18T22:48:56.652+09:00  INFO 23424 --- [cbs-mvp] [   scheduling-1] com.example.cbs_mvp.batch.NightlyBatch   : [NightlyBatch] drafts created: 0
2026-01-18T22:49:06.659+09:00  INFO 23424 --- [cbs-mvp] [   scheduling-1] com.example.cbs_mvp.batch.NightlyBatch   : [NightlyBatch] drafts created: 0
2026-01-18T22:49:16.657+09:00  INFO 23424 --- [cbs-mvp] [   scheduling-1] com.example.cbs_mvp.batch.NightlyBatch   : [NightlyBatch] drafts created: 0
2026-01-18T22:49:26.657+09:00  INFO 23424 --- [cbs-mvp] [   scheduling-1] com.example.cbs_mvp.batch.NightlyBatch   : [NightlyBatch] drafts created: 0
2026-01-18T22:49:36.660+09:00  INFO 23424 --- [cbs-mvp] [   scheduling-1] com.example.cbs_mvp.batch.NightlyBatch   : [NightlyBatch] drafts created: 0
2026-01-18T22:49:46.656+09:00  INFO 23424 --- [cbs-mvp] [   scheduling-1] com.example.cbs_mvp.batch.NightlyBatch   : [NightlyBatch] drafts created: 0
2026-01-18T22:49:56.656+09:00  INFO 23424 --- [cbs-mvp] [   scheduling-1] com.example.cbs_mvp.batch.NightlyBatch   : [NightlyBatch] drafts created: 0
2026-01-18T22:50:06.657+09:00  INFO 23424 --- [cbs-mvp] [   scheduling-1] com.example.cbs_mvp.batch.NightlyBatch   : [NightlyBatch] drafts created: 0
2026-01-18T22:50:16.653+09:00  INFO 23424 --- [cbs-mvp] [   scheduling-1] com.example.cbs_mvp.batch.NightlyBatch   : [NightlyBatch] drafts created: 0
2026-01-18T22:50:26.654+09:00  INFO 23424 --- [cbs-mvp] [   scheduling-1] com.example.cbs_mvp.batch.NightlyBatch   : [NightlyBatch] drafts created: 0
2026-01-18T22:50:36.654+09:00  INFO 23424 --- [cbs-mvp] [   scheduling-1] com.example.cbs_mvp.batch.NightlyBatch   : [NightlyBatch] drafts created: 0
2026-01-18T22:50:46.659+09:00  INFO 23424 --- [cbs-mvp] [   scheduling-1] com.example.cbs_mvp.batch.NightlyBatch   : [NightlyBatch] drafts created: 0
2026-01-18T22:50:56.666+09:00  INFO 23424 --- [cbs-mvp] [   scheduling-1] com.example.cbs_mvp.batch.NightlyBatch   : [NightlyBatch] drafts created: 0
2026-01-18T22:51:06.660+09:00  INFO 23424 --- [cbs-mvp] [   scheduling-1] com.example.cbs_mvp.batch.NightlyBatch   : [NightlyBatch] drafts created: 0
2026-01-18T22:51:16.660+09:00  INFO 23424 --- [cbs-mvp] [   scheduling-1] com.example.cbs_mvp.batch.NightlyBatch   : [NightlyBatch] drafts created: 0
2026-01-18T22:51:26.655+09:00  INFO 23424 --- [cbs-mvp] [   scheduling-1] com.example.cbs_mvp.batch.NightlyBatch   : [NightlyBatch] drafts created: 0
2026-01-18T22:51:36.664+09:00  INFO 23424 --- [cbs-mvp] [   scheduling-1] com.example.cbs_mvp.batch.NightlyBatch   : [NightlyBatch] drafts created: 0
2026-01-18T22:51:46.665+09:00  INFO 23424 --- [cbs-mvp] [   scheduling-1] com.example.cbs_mvp.batch.NightlyBatch   : [NightlyBatch] drafts created: 0
2026-01-18T22:51:56.667+09:00  INFO 23424 --- [cbs-mvp] [   scheduling-1] com.example.cbs_mvp.batch.NightlyBatch   : [NightlyBatch] drafts created: 0
2026-01-18T22:52:06.657+09:00  INFO 23424 --- [cbs-mvp] [   scheduling-1] com.example.cbs_mvp.batch.NightlyBatch   : [NightlyBatch] drafts created: 0
2026-01-18T22:52:16.659+09:00  INFO 23424 --- [cbs-mvp] [   scheduling-1] com.example.cbs_mvp.batch.NightlyBatch   : [NightlyBatch] drafts created: 0
2026-01-18T22:52:26.655+09:00  INFO 23424 --- [cbs-mvp] [   scheduling-1] com.example.cbs_mvp.batch.NightlyBatch   : [NightlyBatch] drafts created: 0
2026-01-18T22:52:36.655+09:00  INFO 23424 --- [cbs-mvp] [   scheduling-1] com.example.cbs_mvp.batch.NightlyBatch   : [NightlyBatch] drafts created: 0
2026-01-18T22:52:46.653+09:00  INFO 23424 --- [cbs-mvp] [   scheduling-1] com.example.cbs_mvp.batch.NightlyBatch   : [NightlyBatch] drafts created: 0
2026-01-18T22:52:56.664+09:00  INFO 23424 --- [cbs-mvp] [   scheduling-1] com.example.cbs_mvp.batch.NightlyBatch   : [NightlyBatch] drafts created: 0
2026-01-18T22:53:06.656+09:00  INFO 23424 --- [cbs-mvp] [   scheduling-1] com.example.cbs_mvp.batch.NightlyBatch   : [NightlyBatch] drafts created: 0
2026-01-18T22:53:16.654+09:00  INFO 23424 --- [cbs-mvp] [   scheduling-1] com.example.cbs_mvp.batch.NightlyBatch   : [NightlyBatch] drafts created: 0
2026-01-18T22:53:26.669+09:00  INFO 23424 --- [cbs-mvp] [   scheduling-1] com.example.cbs_mvp.batch.NightlyBatch   : [NightlyBatch] drafts created: 0
2026-01-18T22:53:36.659+09:00  INFO 23424 --- [cbs-mvp] [   scheduling-1] com.example.cbs_mvp.batch.NightlyBatch   : [NightlyBatch] drafts created: 0
2026-01-18T22:53:46.660+09:00  INFO 23424 --- [cbs-mvp] [   scheduling-1] com.example.cbs_mvp.batch.NightlyBatch   : [NightlyBatch] drafts created: 0
2026-01-18T22:53:56.675+09:00  INFO 23424 --- [cbs-mvp] [   scheduling-1] com.example.cbs_mvp.batch.NightlyBatch   : [NightlyBatch] drafts created: 0
2026-01-18T22:54:06.653+09:00  INFO 23424 --- [cbs-mvp] [   scheduling-1] com.example.cbs_mvp.batch.NightlyBatch   : [NightlyBatch] drafts created: 0
2026-01-18T22:54:16.655+09:00  INFO 23424 --- [cbs-mvp] [   scheduling-1] com.example.cbs_mvp.batch.NightlyBatch   : [NightlyBatch] drafts created: 0
2026-01-18T22:54:26.667+09:00  INFO 23424 --- [cbs-mvp] [   scheduling-1] com.example.cbs_mvp.batch.NightlyBatch   : [NightlyBatch] drafts created: 0
2026-01-18T22:54:36.669+09:00  INFO 23424 --- [cbs-mvp] [   scheduling-1] com.example.cbs_mvp.batch.NightlyBatch   : [NightlyBatch] drafts created: 0
2026-01-18T22:54:46.653+09:00  INFO 23424 --- [cbs-mvp] [   scheduling-1] com.example.cbs_mvp.batch.NightlyBatch   : [NightlyBatch] drafts created: 0
2026-01-18T22:54:56.655+09:00  INFO 23424 --- [cbs-mvp] [   scheduling-1] com.example.cbs_mvp.batch.NightlyBatch   : [NightlyBatch] drafts created: 0
2026-01-18T22:55:06.654+09:00  INFO 23424 --- [cbs-mvp] [   scheduling-1] com.example.cbs_mvp.batch.NightlyBatch   : [NightlyBatch] drafts created: 0
2026-01-18T22:55:16.667+09:00  INFO 23424 --- [cbs-mvp] [   scheduling-1] com.example.cbs_mvp.batch.NightlyBatch   : [NightlyBatch] drafts created: 0
2026-01-18T22:55:26.653+09:00  INFO 23424 --- [cbs-mvp] [   scheduling-1] com.example.cbs_mvp.batch.NightlyBatch   : [NightlyBatch] drafts created: 0
2026-01-18T22:55:36.655+09:00  INFO 23424 --- [cbs-mvp] [   scheduling-1] com.example.cbs_mvp.batch.NightlyBatch   : [NightlyBatch] drafts created: 0
2026-01-18T22:55:46.658+09:00  INFO 23424 --- [cbs-mvp] [   scheduling-1] com.example.cbs_mvp.batch.NightlyBatch   : [NightlyBatch] drafts created: 0
2026-01-18T22:55:56.656+09:00  INFO 23424 --- [cbs-mvp] [   scheduling-1] com.example.cbs_mvp.batch.NightlyBatch   : [NightlyBatch] drafts created: 0
2026-01-18T22:56:06.671+09:00  INFO 23424 --- [cbs-mvp] [   scheduling-1] com.example.cbs_mvp.batch.NightlyBatch   : [NightlyBatch] drafts created: 0
2026-01-18T22:56:16.662+09:00  INFO 23424 --- [cbs-mvp] [   scheduling-1] com.example.cbs_mvp.batch.NightlyBatch   : [NightlyBatch] drafts created: 0
2026-01-18T22:56:26.665+09:00  INFO 23424 --- [cbs-mvp] [   scheduling-1] com.example.cbs_mvp.batch.NightlyBatch   : [NightlyBatch] drafts created: 0
2026-01-18T22:56:36.669+09:00  INFO 23424 --- [cbs-mvp] [   scheduling-1] com.example.cbs_mvp.batch.NightlyBatch   : [NightlyBatch] drafts created: 0
2026-01-18T22:56:46.665+09:00  INFO 23424 --- [cbs-mvp] [   scheduling-1] com.example.cbs_mvp.batch.NightlyBatch   : [NightlyBatch] drafts created: 0
2026-01-18T22:56:56.665+09:00  INFO 23424 --- [cbs-mvp] [   scheduling-1] com.example.cbs_mvp.batch.NightlyBatch   : [NightlyBatch] drafts created: 0
2026-01-18T22:57:06.661+09:00  INFO 23424 --- [cbs-mvp] [   scheduling-1] com.example.cbs_mvp.batch.NightlyBatch   : [NightlyBatch] drafts created: 0
2026-01-18T22:57:16.668+09:00  INFO 23424 --- [cbs-mvp] [   scheduling-1] com.example.cbs_mvp.batch.NightlyBatch   : [NightlyBatch] drafts created: 0
2026-01-18T22:57:26.659+09:00  INFO 23424 --- [cbs-mvp] [   scheduling-1] com.example.cbs_mvp.batch.NightlyBatch   : [NightlyBatch] drafts created: 0
2026-01-18T22:57:36.662+09:00  INFO 23424 --- [cbs-mvp] [   scheduling-1] com.example.cbs_mvp.batch.NightlyBatch   : [NightlyBatch] drafts created: 0
2026-01-18T22:57:46.661+09:00  INFO 23424 --- [cbs-mvp] [   scheduling-1] com.example.cbs_mvp.batch.NightlyBatch   : [NightlyBatch] drafts created: 0
2026-01-18T22:57:56.661+09:00  INFO 23424 --- [cbs-mvp] [   scheduling-1] com.example.cbs_mvp.batch.NightlyBatch   : [NightlyBatch] drafts created: 0
2026-01-18T22:58:06.654+09:00  INFO 23424 --- [cbs-mvp] [   scheduling-1] com.example.cbs_mvp.batch.NightlyBatch   : [NightlyBatch] drafts created: 0
2026-01-18T22:58:16.659+09:00  INFO 23424 --- [cbs-mvp] [   scheduling-1] com.example.cbs_mvp.batch.NightlyBatch   : [NightlyBatch] drafts created: 0
2026-01-18T22:58:26.655+09:00  INFO 23424 --- [cbs-mvp] [   scheduling-1] com.example.cbs_mvp.batch.NightlyBatch   : [NightlyBatch] drafts created: 0
2026-01-18T22:58:36.659+09:00  INFO 23424 --- [cbs-mvp] [   scheduling-1] com.example.cbs_mvp.batch.NightlyBatch   : [NightlyBatch] drafts created: 0
2026-01-18T22:58:46.660+09:00  INFO 23424 --- [cbs-mvp] [   scheduling-1] com.example.cbs_mvp.batch.NightlyBatch   : [NightlyBatch] drafts created: 0
2026-01-18T22:58:56.655+09:00  INFO 23424 --- [cbs-mvp] [   scheduling-1] com.example.cbs_mvp.batch.NightlyBatch   : [NightlyBatch] drafts created: 0
2026-01-18T22:59:06.665+09:00  INFO 23424 --- [cbs-mvp] [   scheduling-1] com.example.cbs_mvp.batch.NightlyBatch   : [NightlyBatch] drafts created: 0
2026-01-18T22:59:16.668+09:00  INFO 23424 --- [cbs-mvp] [   scheduling-1] com.example.cbs_mvp.batch.NightlyBatch   : [NightlyBatch] drafts created: 0
2026-01-18T22:59:26.658+09:00  INFO 23424 --- [cbs-mvp] [   scheduling-1] com.example.cbs_mvp.batch.NightlyBatch   : [NightlyBatch] drafts created: 0
2026-01-18T22:59:36.657+09:00  INFO 23424 --- [cbs-mvp] [   scheduling-1] com.example.cbs_mvp.batch.NightlyBatch   : [NightlyBatch] drafts created: 0
2026-01-18T22:59:46.656+09:00  INFO 23424 --- [cbs-mvp] [   scheduling-1] com.example.cbs_mvp.batch.NightlyBatch   : [NightlyBatch] drafts created: 0
2026-01-18T22:59:56.666+09:00  INFO 23424 --- [cbs-mvp] [   scheduling-1] com.example.cbs_mvp.batch.NightlyBatch   : [NightlyBatch] drafts created: 0
2026-01-18T23:00:06.653+09:00  INFO 23424 --- [cbs-mvp] [   scheduling-1] com.example.cbs_mvp.batch.NightlyBatch   : [NightlyBatch] drafts created: 0
2026-01-18T23:00:16.664+09:00  INFO 23424 --- [cbs-mvp] [   scheduling-1] com.example.cbs_mvp.batch.NightlyBatch   : [NightlyBatch] drafts created: 0
2026-01-18T23:00:26.660+09:00  INFO 23424 --- [cbs-mvp] [   scheduling-1] com.example.cbs_mvp.batch.NightlyBatch   : [NightlyBatch] drafts created: 0
2026-01-18T23:00:36.653+09:00  INFO 23424 --- [cbs-mvp] [   scheduling-1] com.example.cbs_mvp.batch.NightlyBatch   : [NightlyBatch] drafts created: 0
2026-01-18T23:00:46.655+09:00  INFO 23424 --- [cbs-mvp] [   scheduling-1] com.example.cbs_mvp.batch.NightlyBatch   : [NightlyBatch] drafts created: 0
2026-01-18T23:00:55.291+09:00  INFO 23424 --- [cbs-mvp] [nio-8080-exec-6] c.example.cbs_mvp.ops.KillSwitchService  : System Resumed manually.
2026-01-18T23:00:56.655+09:00  INFO 23424 --- [cbs-mvp] [   scheduling-1] com.example.cbs_mvp.batch.NightlyBatch   : [NightlyBatch] drafts created: 0
2026-01-18T23:01:06.653+09:00  INFO 23424 --- [cbs-mvp] [   scheduling-1] com.example.cbs_mvp.batch.NightlyBatch   : [NightlyBatch] drafts created: 0
2026-01-18T23:01:08.331+09:00  INFO 23424 --- [cbs-mvp] [nio-8080-exec-9] c.example.cbs_mvp.ops.KillSwitchService  : System Resumed manually.
2026-01-18T23:01:16.652+09:00  INFO 23424 --- [cbs-mvp] [   scheduling-1] com.example.cbs_mvp.batch.NightlyBatch   : [NightlyBatch] drafts created: 0
2026-01-18T23:01:26.655+09:00  INFO 23424 --- [cbs-mvp] [   scheduling-1] com.example.cbs_mvp.batch.NightlyBatch   : [NightlyBatch] drafts created: 0
2026-01-18T23:01:36.654+09:00  INFO 23424 --- [cbs-mvp] [   scheduling-1] com.example.cbs_mvp.batch.NightlyBatch   : [NightlyBatch] drafts created: 0
2026-01-18T23:01:46.656+09:00  INFO 23424 --- [cbs-mvp] [   scheduling-1] com.example.cbs_mvp.batch.NightlyBatch   : [NightlyBatch] drafts created: 0
2026-01-18T23:01:56.657+09:00  INFO 23424 --- [cbs-mvp] [   scheduling-1] com.example.cbs_mvp.batch.NightlyBatch   : [NightlyBatch] drafts created: 0
2026-01-18T23:02:06.660+09:00  INFO 23424 --- [cbs-mvp] [   scheduling-1] com.example.cbs_mvp.batch.NightlyBatch   : [NightlyBatch] drafts created: 0
2026-01-18T23:02:15.529+09:00  INFO 23424 --- [cbs-mvp] [nio-8080-exec-1] c.example.cbs_mvp.ops.KillSwitchService  : System Resumed manually.
2026-01-18T23:02:16.663+09:00  INFO 23424 --- [cbs-mvp] [   scheduling-1] com.example.cbs_mvp.batch.NightlyBatch   : [NightlyBatch] drafts created: 0
2026-01-18T23:02:16.690+09:00  INFO 23424 --- [cbs-mvp] [   scheduling-1] c.e.cbs_mvp.batch.TrackingRetryBatch     : [TrackingRetryBatch] attempted=6 terminal=0 errors=0
2026-01-18T23:02:26.655+09:00  INFO 23424 --- [cbs-mvp] [   scheduling-1] com.example.cbs_mvp.batch.NightlyBatch   : [NightlyBatch] drafts created: 0
2026-01-18T23:02:36.656+09:00  INFO 23424 --- [cbs-mvp] [   scheduling-1] com.example.cbs_mvp.batch.NightlyBatch   : [NightlyBatch] drafts created: 0
2026-01-18T23:02:46.652+09:00  INFO 23424 --- [cbs-mvp] [   scheduling-1] com.example.cbs_mvp.batch.NightlyBatch   : [NightlyBatch] drafts created: 0
2026-01-18T23:02:56.652+09:00  INFO 23424 --- [cbs-mvp] [   scheduling-1] com.example.cbs_mvp.batch.NightlyBatch   : [NightlyBatch] drafts created: 0
2026-01-18T23:03:06.655+09:00  INFO 23424 --- [cbs-mvp] [   scheduling-1] com.example.cbs_mvp.batch.NightlyBatch   : [NightlyBatch] drafts created: 0
2026-01-18T23:03:16.653+09:00  INFO 23424 --- [cbs-mvp] [   scheduling-1] com.example.cbs_mvp.batch.NightlyBatch   : [NightlyBatch] drafts created: 0
2026-01-18T23:03:26.655+09:00  INFO 23424 --- [cbs-mvp] [   scheduling-1] com.example.cbs_mvp.batch.NightlyBatch   : [NightlyBatch] drafts created: 0
2026-01-18T23:03:36.658+09:00  INFO 23424 --- [cbs-mvp] [   scheduling-1] com.example.cbs_mvp.batch.NightlyBatch   : [NightlyBatch] drafts created: 0
2026-01-18T23:03:46.652+09:00  INFO 23424 --- [cbs-mvp] [   scheduling-1] com.example.cbs_mvp.batch.NightlyBatch   : [NightlyBatch] drafts created: 0
2026-01-18T23:03:56.654+09:00  INFO 23424 --- [cbs-mvp] [   scheduling-1] com.example.cbs_mvp.batch.NightlyBatch   : [NightlyBatch] drafts created: 0
2026-01-18T23:04:06.651+09:00  INFO 23424 --- [cbs-mvp] [   scheduling-1] com.example.cbs_mvp.batch.NightlyBatch   : [NightlyBatch] drafts created: 0
2026-01-18T23:04:16.653+09:00  INFO 23424 --- [cbs-mvp] [   scheduling-1] com.example.cbs_mvp.batch.NightlyBatch   : [NightlyBatch] drafts created: 0
2026-01-18T23:04:26.659+09:00  INFO 23424 --- [cbs-mvp] [   scheduling-1] com.example.cbs_mvp.batch.NightlyBatch   : [NightlyBatch] drafts created: 0
2026-01-18T23:04:36.652+09:00  INFO 23424 --- [cbs-mvp] [   scheduling-1] com.example.cbs_mvp.batch.NightlyBatch   : [NightlyBatch] drafts created: 0
2026-01-18T23:04:46.654+09:00  INFO 23424 --- [cbs-mvp] [   scheduling-1] com.example.cbs_mvp.batch.NightlyBatch   : [NightlyBatch] drafts created: 0
2026-01-18T23:04:56.654+09:00  INFO 23424 --- [cbs-mvp] [   scheduling-1] com.example.cbs_mvp.batch.NightlyBatch   : [NightlyBatch] drafts created: 0
2026-01-18T23:05:06.655+09:00  INFO 23424 --- [cbs-mvp] [   scheduling-1] com.example.cbs_mvp.batch.NightlyBatch   : [NightlyBatch] drafts created: 0
2026-01-18T23:05:16.652+09:00  INFO 23424 --- [cbs-mvp] [   scheduling-1] com.example.cbs_mvp.batch.NightlyBatch   : [NightlyBatch] drafts created: 0
2026-01-18T23:05:26.652+09:00  INFO 23424 --- [cbs-mvp] [   scheduling-1] com.example.cbs_mvp.batch.NightlyBatch   : [NightlyBatch] drafts created: 0
2026-01-18T23:05:36.659+09:00  INFO 23424 --- [cbs-mvp] [   scheduling-1] com.example.cbs_mvp.batch.NightlyBatch   : [NightlyBatch] drafts created: 0
2026-01-18T23:05:46.653+09:00  INFO 23424 --- [cbs-mvp] [   scheduling-1] com.example.cbs_mvp.batch.NightlyBatch   : [NightlyBatch] drafts created: 0
2026-01-18T23:05:56.654+09:00  INFO 23424 --- [cbs-mvp] [   scheduling-1] com.example.cbs_mvp.batch.NightlyBatch   : [NightlyBatch] drafts created: 0
2026-01-18T23:06:06.652+09:00  INFO 23424 --- [cbs-mvp] [   scheduling-1] com.example.cbs_mvp.batch.NightlyBatch   : [NightlyBatch] drafts created: 0
2026-01-18T23:06:16.653+09:00  INFO 23424 --- [cbs-mvp] [   scheduling-1] com.example.cbs_mvp.batch.NightlyBatch   : [NightlyBatch] drafts created: 0
2026-01-18T23:06:26.653+09:00  INFO 23424 --- [cbs-mvp] [   scheduling-1] com.example.cbs_mvp.batch.NightlyBatch   : [NightlyBatch] drafts created: 0
2026-01-18T23:06:36.656+09:00  INFO 23424 --- [cbs-mvp] [   scheduling-1] com.example.cbs_mvp.batch.NightlyBatch   : [NightlyBatch] drafts created: 0
2026-01-18T23:06:46.659+09:00  INFO 23424 --- [cbs-mvp] [   scheduling-1] com.example.cbs_mvp.batch.NightlyBatch   : [NightlyBatch] drafts created: 0
2026-01-18T23:06:56.653+09:00  INFO 23424 --- [cbs-mvp] [   scheduling-1] com.example.cbs_mvp.batch.NightlyBatch   : [NightlyBatch] drafts created: 0
2026-01-18T23:07:06.653+09:00  INFO 23424 --- [cbs-mvp] [   scheduling-1] com.example.cbs_mvp.batch.NightlyBatch   : [NightlyBatch] drafts created: 0
2026-01-18T23:07:16.656+09:00  INFO 23424 --- [cbs-mvp] [   scheduling-1] com.example.cbs_mvp.batch.NightlyBatch   : [NightlyBatch] drafts created: 0
2026-01-18T23:07:26.654+09:00  INFO 23424 --- [cbs-mvp] [   scheduling-1] com.example.cbs_mvp.batch.NightlyBatch   : [NightlyBatch] drafts created: 0
2026-01-18T23:07:36.652+09:00  INFO 23424 --- [cbs-mvp] [   scheduling-1] com.example.cbs_mvp.batch.NightlyBatch   : [NightlyBatch] drafts created: 0
2026-01-18T23:07:46.654+09:00  INFO 23424 --- [cbs-mvp] [   scheduling-1] com.example.cbs_mvp.batch.NightlyBatch   : [NightlyBatch] drafts created: 0
2026-01-18T23:07:56.654+09:00  INFO 23424 --- [cbs-mvp] [   scheduling-1] com.example.cbs_mvp.batch.NightlyBatch   : [NightlyBatch] drafts created: 0
2026-01-18T23:08:06.652+09:00  INFO 23424 --- [cbs-mvp] [   scheduling-1] com.example.cbs_mvp.batch.NightlyBatch   : [NightlyBatch] drafts created: 0
2026-01-18T23:08:16.659+09:00  INFO 23424 --- [cbs-mvp] [   scheduling-1] com.example.cbs_mvp.batch.NightlyBatch   : [NightlyBatch] drafts created: 0
2026-01-18T23:08:26.653+09:00  INFO 23424 --- [cbs-mvp] [   scheduling-1] com.example.cbs_mvp.batch.NightlyBatch   : [NightlyBatch] drafts created: 0
2026-01-18T23:08:36.654+09:00  INFO 23424 --- [cbs-mvp] [   scheduling-1] com.example.cbs_mvp.batch.NightlyBatch   : [NightlyBatch] drafts created: 0
2026-01-18T23:08:46.652+09:00  INFO 23424 --- [cbs-mvp] [   scheduling-1] com.example.cbs_mvp.batch.NightlyBatch   : [NightlyBatch] drafts created: 0
2026-01-18T23:08:56.653+09:00  INFO 23424 --- [cbs-mvp] [   scheduling-1] com.example.cbs_mvp.batch.NightlyBatch   : [NightlyBatch] drafts created: 0
2026-01-18T23:09:06.653+09:00  INFO 23424 --- [cbs-mvp] [   scheduling-1] com.example.cbs_mvp.batch.NightlyBatch   : [NightlyBatch] drafts created: 0
2026-01-18T23:09:16.656+09:00  INFO 23424 --- [cbs-mvp] [   scheduling-1] com.example.cbs_mvp.batch.NightlyBatch   : [NightlyBatch] drafts created: 0
2026-01-18T23:09:26.653+09:00  INFO 23424 --- [cbs-mvp] [   scheduling-1] com.example.cbs_mvp.batch.NightlyBatch   : [NightlyBatch] drafts created: 0
2026-01-18T23:09:36.652+09:00  INFO 23424 --- [cbs-mvp] [   scheduling-1] com.example.cbs_mvp.batch.NightlyBatch   : [NightlyBatch] drafts created: 0
2026-01-18T23:09:46.651+09:00  INFO 23424 --- [cbs-mvp] [   scheduling-1] com.example.cbs_mvp.batch.NightlyBatch   : [NightlyBatch] drafts created: 0
2026-01-18T23:09:56.657+09:00  INFO 23424 --- [cbs-mvp] [   scheduling-1] com.example.cbs_mvp.batch.NightlyBatch   : [NightlyBatch] drafts created: 0
2026-01-18T23:10:06.661+09:00  INFO 23424 --- [cbs-mvp] [   scheduling-1] com.example.cbs_mvp.batch.NightlyBatch   : [NightlyBatch] drafts created: 0
2026-01-18T23:10:16.660+09:00  INFO 23424 --- [cbs-mvp] [   scheduling-1] com.example.cbs_mvp.batch.NightlyBatch   : [NightlyBatch] drafts created: 0
2026-01-18T23:10:26.653+09:00  INFO 23424 --- [cbs-mvp] [   scheduling-1] com.example.cbs_mvp.batch.NightlyBatch   : [NightlyBatch] drafts created: 0
2026-01-18T23:10:36.656+09:00  INFO 23424 --- [cbs-mvp] [   scheduling-1] com.example.cbs_mvp.batch.NightlyBatch   : [NightlyBatch] drafts created: 0
2026-01-18T23:10:46.657+09:00  INFO 23424 --- [cbs-mvp] [   scheduling-1] com.example.cbs_mvp.batch.NightlyBatch   : [NightlyBatch] drafts created: 0
2026-01-18T23:10:56.654+09:00  INFO 23424 --- [cbs-mvp] [   scheduling-1] com.example.cbs_mvp.batch.NightlyBatch   : [NightlyBatch] drafts created: 0
2026-01-18T23:11:06.655+09:00  INFO 23424 --- [cbs-mvp] [   scheduling-1] com.example.cbs_mvp.batch.NightlyBatch   : [NightlyBatch] drafts created: 0
2026-01-18T23:11:16.657+09:00  INFO 23424 --- [cbs-mvp] [   scheduling-1] com.example.cbs_mvp.batch.NightlyBatch   : [NightlyBatch] drafts created: 0
2026-01-18T23:11:26.653+09:00  INFO 23424 --- [cbs-mvp] [   scheduling-1] com.example.cbs_mvp.batch.NightlyBatch   : [NightlyBatch] drafts created: 0
2026-01-18T23:11:36.658+09:00  INFO 23424 --- [cbs-mvp] [   scheduling-1] com.example.cbs_mvp.batch.NightlyBatch   : [NightlyBatch] drafts created: 0
2026-01-18T23:11:46.653+09:00  INFO 23424 --- [cbs-mvp] [   scheduling-1] com.example.cbs_mvp.batch.NightlyBatch   : [NightlyBatch] drafts created: 0
2026-01-18T23:11:56.651+09:00  INFO 23424 --- [cbs-mvp] [   scheduling-1] com.example.cbs_mvp.batch.NightlyBatch   : [NightlyBatch] drafts created: 0
2026-01-18T23:12:06.653+09:00  INFO 23424 --- [cbs-mvp] [   scheduling-1] com.example.cbs_mvp.batch.NightlyBatch   : [NightlyBatch] drafts created: 0
2026-01-18T23:12:16.656+09:00  INFO 23424 --- [cbs-mvp] [   scheduling-1] com.example.cbs_mvp.batch.NightlyBatch   : [NightlyBatch] drafts created: 0
2026-01-18T23:12:26.654+09:00  INFO 23424 --- [cbs-mvp] [   scheduling-1] com.example.cbs_mvp.batch.NightlyBatch   : [NightlyBatch] drafts created: 0
2026-01-18T23:12:36.652+09:00  INFO 23424 --- [cbs-mvp] [   scheduling-1] com.example.cbs_mvp.batch.NightlyBatch   : [NightlyBatch] drafts created: 0
2026-01-18T23:12:46.656+09:00  INFO 23424 --- [cbs-mvp] [   scheduling-1] com.example.cbs_mvp.batch.NightlyBatch   : [NightlyBatch] drafts created: 0
2026-01-18T23:12:56.659+09:00  INFO 23424 --- [cbs-mvp] [   scheduling-1] com.example.cbs_mvp.batch.NightlyBatch   : [NightlyBatch] drafts created: 0
2026-01-18T23:13:06.653+09:00  INFO 23424 --- [cbs-mvp] [   scheduling-1] com.example.cbs_mvp.batch.NightlyBatch   : [NightlyBatch] drafts created: 0
2026-01-18T23:13:16.658+09:00  INFO 23424 --- [cbs-mvp] [   scheduling-1] com.example.cbs_mvp.batch.NightlyBatch   : [NightlyBatch] drafts created: 0
2026-01-18T23:13:26.660+09:00  INFO 23424 --- [cbs-mvp] [   scheduling-1] com.example.cbs_mvp.batch.NightlyBatch   : [NightlyBatch] drafts created: 0
2026-01-18T23:13:36.652+09:00  INFO 23424 --- [cbs-mvp] [   scheduling-1] com.example.cbs_mvp.batch.NightlyBatch   : [NightlyBatch] drafts created: 0
2026-01-18T23:13:46.652+09:00  INFO 23424 --- [cbs-mvp] [   scheduling-1] com.example.cbs_mvp.batch.NightlyBatch   : [NightlyBatch] drafts created: 0
2026-01-18T23:13:56.656+09:00  INFO 23424 --- [cbs-mvp] [   scheduling-1] com.example.cbs_mvp.batch.NightlyBatch   : [NightlyBatch] drafts created: 0
2026-01-18T23:14:06.657+09:00  INFO 23424 --- [cbs-mvp] [   scheduling-1] com.example.cbs_mvp.batch.NightlyBatch   : [NightlyBatch] drafts created: 0
2026-01-18T23:14:16.657+09:00  INFO 23424 --- [cbs-mvp] [   scheduling-1] com.example.cbs_mvp.batch.NightlyBatch   : [NightlyBatch] drafts created: 0
2026-01-18T23:14:26.666+09:00  INFO 23424 --- [cbs-mvp] [   scheduling-1] com.example.cbs_mvp.batch.NightlyBatch   : [NightlyBatch] drafts created: 0
2026-01-18T23:14:36.652+09:00  INFO 23424 --- [cbs-mvp] [   scheduling-1] com.example.cbs_mvp.batch.NightlyBatch   : [NightlyBatch] drafts created: 0
2026-01-18T23:14:46.660+09:00  INFO 23424 --- [cbs-mvp] [   scheduling-1] com.example.cbs_mvp.batch.NightlyBatch   : [NightlyBatch] drafts created: 0
2026-01-18T23:14:56.654+09:00  INFO 23424 --- [cbs-mvp] [   scheduling-1] com.example.cbs_mvp.batch.NightlyBatch   : [NightlyBatch] drafts created: 0
2026-01-18T23:15:06.651+09:00  INFO 23424 --- [cbs-mvp] [   scheduling-1] com.example.cbs_mvp.batch.NightlyBatch   : [NightlyBatch] drafts created: 0
2026-01-18T23:15:16.654+09:00  INFO 23424 --- [cbs-mvp] [   scheduling-1] com.example.cbs_mvp.batch.NightlyBatch   : [NightlyBatch] drafts created: 0
2026-01-18T23:15:26.658+09:00  INFO 23424 --- [cbs-mvp] [   scheduling-1] com.example.cbs_mvp.batch.NightlyBatch   : [NightlyBatch] drafts created: 0
2026-01-18T23:15:36.651+09:00  INFO 23424 --- [cbs-mvp] [   scheduling-1] com.example.cbs_mvp.batch.NightlyBatch   : [NightlyBatch] drafts created: 0
2026-01-18T23:15:46.652+09:00  INFO 23424 --- [cbs-mvp] [   scheduling-1] com.example.cbs_mvp.batch.NightlyBatch   : [NightlyBatch] drafts created: 0
2026-01-18T23:15:56.658+09:00  INFO 23424 --- [cbs-mvp] [   scheduling-1] com.example.cbs_mvp.batch.NightlyBatch   : [NightlyBatch] drafts created: 0
2026-01-18T23:16:06.656+09:00  INFO 23424 --- [cbs-mvp] [   scheduling-1] com.example.cbs_mvp.batch.NightlyBatch   : [NightlyBatch] drafts created: 0
2026-01-18T23:16:16.653+09:00  INFO 23424 --- [cbs-mvp] [   scheduling-1] com.example.cbs_mvp.batch.NightlyBatch   : [NightlyBatch] drafts created: 0
2026-01-18T23:16:26.651+09:00  INFO 23424 --- [cbs-mvp] [   scheduling-1] com.example.cbs_mvp.batch.NightlyBatch   : [NightlyBatch] drafts created: 0
2026-01-18T23:16:36.654+09:00  INFO 23424 --- [cbs-mvp] [   scheduling-1] com.example.cbs_mvp.batch.NightlyBatch   : [NightlyBatch] drafts created: 0
2026-01-18T23:16:46.654+09:00  INFO 23424 --- [cbs-mvp] [   scheduling-1] com.example.cbs_mvp.batch.NightlyBatch   : [NightlyBatch] drafts created: 0
2026-01-18T23:16:56.659+09:00  INFO 23424 --- [cbs-mvp] [   scheduling-1] com.example.cbs_mvp.batch.NightlyBatch   : [NightlyBatch] drafts created: 0
2026-01-18T23:17:06.653+09:00  INFO 23424 --- [cbs-mvp] [   scheduling-1] com.example.cbs_mvp.batch.NightlyBatch   : [NightlyBatch] drafts created: 0
2026-01-18T23:17:16.654+09:00  INFO 23424 --- [cbs-mvp] [   scheduling-1] com.example.cbs_mvp.batch.NightlyBatch   : [NightlyBatch] drafts created: 0
2026-01-18T23:17:26.651+09:00  INFO 23424 --- [cbs-mvp] [   scheduling-1] com.example.cbs_mvp.batch.NightlyBatch   : [NightlyBatch] drafts created: 0
2026-01-18T23:17:36.653+09:00  INFO 23424 --- [cbs-mvp] [   scheduling-1] com.example.cbs_mvp.batch.NightlyBatch   : [NightlyBatch] drafts created: 0
2026-01-18T23:17:46.653+09:00  INFO 23424 --- [cbs-mvp] [   scheduling-1] com.example.cbs_mvp.batch.NightlyBatch   : [NightlyBatch] drafts created: 0
2026-01-18T23:17:56.652+09:00  INFO 23424 --- [cbs-mvp] [   scheduling-1] com.example.cbs_mvp.batch.NightlyBatch   : [NightlyBatch] drafts created: 0
2026-01-18T23:18:06.653+09:00  INFO 23424 --- [cbs-mvp] [   scheduling-1] com.example.cbs_mvp.batch.NightlyBatch   : [NightlyBatch] drafts created: 0
2026-01-18T23:18:16.653+09:00  INFO 23424 --- [cbs-mvp] [   scheduling-1] com.example.cbs_mvp.batch.NightlyBatch   : [NightlyBatch] drafts created: 0
2026-01-18T23:18:26.657+09:00  INFO 23424 --- [cbs-mvp] [   scheduling-1] com.example.cbs_mvp.batch.NightlyBatch   : [NightlyBatch] drafts created: 0
2026-01-18T23:18:36.656+09:00  INFO 23424 --- [cbs-mvp] [   scheduling-1] com.example.cbs_mvp.batch.NightlyBatch   : [NightlyBatch] drafts created: 0
2026-01-18T23:18:46.653+09:00  INFO 23424 --- [cbs-mvp] [   scheduling-1] com.example.cbs_mvp.batch.NightlyBatch   : [NightlyBatch] drafts created: 0
2026-01-18T23:18:56.660+09:00  INFO 23424 --- [cbs-mvp] [   scheduling-1] com.example.cbs_mvp.batch.NightlyBatch   : [NightlyBatch] drafts created: 0
2026-01-18T23:19:06.656+09:00  INFO 23424 --- [cbs-mvp] [   scheduling-1] com.example.cbs_mvp.batch.NightlyBatch   : [NightlyBatch] drafts created: 0
2026-01-18T23:19:16.651+09:00  INFO 23424 --- [cbs-mvp] [   scheduling-1] com.example.cbs_mvp.batch.NightlyBatch   : [NightlyBatch] drafts created: 0
2026-01-18T23:19:26.664+09:00  INFO 23424 --- [cbs-mvp] [   scheduling-1] com.example.cbs_mvp.batch.NightlyBatch   : [NightlyBatch] drafts created: 0
2026-01-18T23:19:36.652+09:00  INFO 23424 --- [cbs-mvp] [   scheduling-1] com.example.cbs_mvp.batch.NightlyBatch   : [NightlyBatch] drafts created: 0
2026-01-18T23:19:46.652+09:00  INFO 23424 --- [cbs-mvp] [   scheduling-1] com.example.cbs_mvp.batch.NightlyBatch   : [NightlyBatch] drafts created: 0
2026-01-18T23:19:56.656+09:00  INFO 23424 --- [cbs-mvp] [   scheduling-1] com.example.cbs_mvp.batch.NightlyBatch   : [NightlyBatch] drafts created: 0
2026-01-18T23:20:06.655+09:00  INFO 23424 --- [cbs-mvp] [   scheduling-1] com.example.cbs_mvp.batch.NightlyBatch   : [NightlyBatch] drafts created: 0
2026-01-18T23:20:16.658+09:00  INFO 23424 --- [cbs-mvp] [   scheduling-1] com.example.cbs_mvp.batch.NightlyBatch   : [NightlyBatch] drafts created: 0
2026-01-18T23:20:26.652+09:00  INFO 23424 --- [cbs-mvp] [   scheduling-1] com.example.cbs_mvp.batch.NightlyBatch   : [NightlyBatch] drafts created: 0
2026-01-18T23:20:36.664+09:00  INFO 23424 --- [cbs-mvp] [   scheduling-1] com.example.cbs_mvp.batch.NightlyBatch   : [NightlyBatch] drafts created: 0
2026-01-18T23:20:46.656+09:00  INFO 23424 --- [cbs-mvp] [   scheduling-1] com.example.cbs_mvp.batch.NightlyBatch   : [NightlyBatch] drafts created: 0
2026-01-18T23:20:56.659+09:00  INFO 23424 --- [cbs-mvp] [   scheduling-1] com.example.cbs_mvp.batch.NightlyBatch   : [NightlyBatch] drafts created: 0
2026-01-18T23:21:06.652+09:00  INFO 23424 --- [cbs-mvp] [   scheduling-1] com.example.cbs_mvp.batch.NightlyBatch   : [NightlyBatch] drafts created: 0
2026-01-18T23:21:16.662+09:00  INFO 23424 --- [cbs-mvp] [   scheduling-1] com.example.cbs_mvp.batch.NightlyBatch   : [NightlyBatch] drafts created: 0
2026-01-18T23:21:26.654+09:00  INFO 23424 --- [cbs-mvp] [   scheduling-1] com.example.cbs_mvp.batch.NightlyBatch   : [NightlyBatch] drafts created: 0
2026-01-18T23:21:36.655+09:00  INFO 23424 --- [cbs-mvp] [   scheduling-1] com.example.cbs_mvp.batch.NightlyBatch   : [NightlyBatch] drafts created: 0
2026-01-18T23:21:46.657+09:00  INFO 23424 --- [cbs-mvp] [   scheduling-1] com.example.cbs_mvp.batch.NightlyBatch   : [NightlyBatch] drafts created: 0
2026-01-18T23:21:56.652+09:00  INFO 23424 --- [cbs-mvp] [   scheduling-1] com.example.cbs_mvp.batch.NightlyBatch   : [NightlyBatch] drafts created: 0
2026-01-18T23:22:06.653+09:00  INFO 23424 --- [cbs-mvp] [   scheduling-1] com.example.cbs_mvp.batch.NightlyBatch   : [NightlyBatch] drafts created: 0
2026-01-18T23:22:16.658+09:00  INFO 23424 --- [cbs-mvp] [   scheduling-1] com.example.cbs_mvp.batch.NightlyBatch   : [NightlyBatch] drafts created: 0
2026-01-18T23:22:26.665+09:00  INFO 23424 --- [cbs-mvp] [   scheduling-1] com.example.cbs_mvp.batch.NightlyBatch   : [NightlyBatch] drafts created: 0
2026-01-18T23:22:36.653+09:00  INFO 23424 --- [cbs-mvp] [   scheduling-1] com.example.cbs_mvp.batch.NightlyBatch   : [NightlyBatch] drafts created: 0
2026-01-18T23:22:46.660+09:00  INFO 23424 --- [cbs-mvp] [   scheduling-1] com.example.cbs_mvp.batch.NightlyBatch   : [NightlyBatch] drafts created: 0
2026-01-18T23:22:56.652+09:00  INFO 23424 --- [cbs-mvp] [   scheduling-1] com.example.cbs_mvp.batch.NightlyBatch   : [NightlyBatch] drafts created: 0
2026-01-18T23:23:06.657+09:00  INFO 23424 --- [cbs-mvp] [   scheduling-1] com.example.cbs_mvp.batch.NightlyBatch   : [NightlyBatch] drafts created: 0
2026-01-18T23:23:16.652+09:00  INFO 23424 --- [cbs-mvp] [   scheduling-1] com.example.cbs_mvp.batch.NightlyBatch   : [NightlyBatch] drafts created: 0
2026-01-18T23:23:26.657+09:00  INFO 23424 --- [cbs-mvp] [   scheduling-1] com.example.cbs_mvp.batch.NightlyBatch   : [NightlyBatch] drafts created: 0
2026-01-18T23:23:36.653+09:00  INFO 23424 --- [cbs-mvp] [   scheduling-1] com.example.cbs_mvp.batch.NightlyBatch   : [NightlyBatch] drafts created: 0
2026-01-18T23:23:46.660+09:00  INFO 23424 --- [cbs-mvp] [   scheduling-1] com.example.cbs_mvp.batch.NightlyBatch   : [NightlyBatch] drafts created: 0
2026-01-18T23:23:56.652+09:00  INFO 23424 --- [cbs-mvp] [   scheduling-1] com.example.cbs_mvp.batch.NightlyBatch   : [NightlyBatch] drafts created: 0
2026-01-18T23:24:06.652+09:00  INFO 23424 --- [cbs-mvp] [   scheduling-1] com.example.cbs_mvp.batch.NightlyBatch   : [NightlyBatch] drafts created: 0
2026-01-18T23:24:16.654+09:00  INFO 23424 --- [cbs-mvp] [   scheduling-1] com.example.cbs_mvp.batch.NightlyBatch   : [NightlyBatch] drafts created: 0
2026-01-18T23:24:26.652+09:00  INFO 23424 --- [cbs-mvp] [   scheduling-1] com.example.cbs_mvp.batch.NightlyBatch   : [NightlyBatch] drafts created: 0
2026-01-18T23:24:36.652+09:00  INFO 23424 --- [cbs-mvp] [   scheduling-1] com.example.cbs_mvp.batch.NightlyBatch   : [NightlyBatch] drafts created: 0
2026-01-18T23:24:46.665+09:00  INFO 23424 --- [cbs-mvp] [   scheduling-1] com.example.cbs_mvp.batch.NightlyBatch   : [NightlyBatch] drafts created: 0
2026-01-18T23:24:56.658+09:00  INFO 23424 --- [cbs-mvp] [   scheduling-1] com.example.cbs_mvp.batch.NightlyBatch   : [NightlyBatch] drafts created: 0
2026-01-18T23:25:06.661+09:00  INFO 23424 --- [cbs-mvp] [   scheduling-1] com.example.cbs_mvp.batch.NightlyBatch   : [NightlyBatch] drafts created: 0
2026-01-18T23:25:16.657+09:00  INFO 23424 --- [cbs-mvp] [   scheduling-1] com.example.cbs_mvp.batch.NightlyBatch   : [NightlyBatch] drafts created: 0
2026-01-18T23:25:26.662+09:00  INFO 23424 --- [cbs-mvp] [   scheduling-1] com.example.cbs_mvp.batch.NightlyBatch   : [NightlyBatch] drafts created: 0
2026-01-18T23:25:36.652+09:00  INFO 23424 --- [cbs-mvp] [   scheduling-1] com.example.cbs_mvp.batch.NightlyBatch   : [NightlyBatch] drafts created: 0
2026-01-18T23:25:46.654+09:00  INFO 23424 --- [cbs-mvp] [   scheduling-1] com.example.cbs_mvp.batch.NightlyBatch   : [NightlyBatch] drafts created: 0
2026-01-18T23:25:56.653+09:00  INFO 23424 --- [cbs-mvp] [   scheduling-1] com.example.cbs_mvp.batch.NightlyBatch   : [NightlyBatch] drafts created: 0
2026-01-18T23:26:06.650+09:00  INFO 23424 --- [cbs-mvp] [   scheduling-1] com.example.cbs_mvp.batch.NightlyBatch   : [NightlyBatch] drafts created: 0
2026-01-18T23:26:16.654+09:00  INFO 23424 --- [cbs-mvp] [   scheduling-1] com.example.cbs_mvp.batch.NightlyBatch   : [NightlyBatch] drafts created: 0
2026-01-18T23:26:26.660+09:00  INFO 23424 --- [cbs-mvp] [   scheduling-1] com.example.cbs_mvp.batch.NightlyBatch   : [NightlyBatch] drafts created: 0
2026-01-18T23:26:36.652+09:00  INFO 23424 --- [cbs-mvp] [   scheduling-1] com.example.cbs_mvp.batch.NightlyBatch   : [NightlyBatch] drafts created: 0
2026-01-18T23:26:46.650+09:00  INFO 23424 --- [cbs-mvp] [   scheduling-1] com.example.cbs_mvp.batch.NightlyBatch   : [NightlyBatch] drafts created: 0
2026-01-18T23:26:56.651+09:00  INFO 23424 --- [cbs-mvp] [   scheduling-1] com.example.cbs_mvp.batch.NightlyBatch   : [NightlyBatch] drafts created: 0
2026-01-18T23:27:06.652+09:00  INFO 23424 --- [cbs-mvp] [   scheduling-1] com.example.cbs_mvp.batch.NightlyBatch   : [NightlyBatch] drafts created: 0
2026-01-18T23:27:16.651+09:00  INFO 23424 --- [cbs-mvp] [   scheduling-1] com.example.cbs_mvp.batch.NightlyBatch   : [NightlyBatch] drafts created: 0
2026-01-18T23:27:26.656+09:00  INFO 23424 --- [cbs-mvp] [   scheduling-1] com.example.cbs_mvp.batch.NightlyBatch   : [NightlyBatch] drafts created: 0
2026-01-18T23:27:36.651+09:00  INFO 23424 --- [cbs-mvp] [   scheduling-1] com.example.cbs_mvp.batch.NightlyBatch   : [NightlyBatch] drafts created: 0
2026-01-18T23:27:46.651+09:00  INFO 23424 --- [cbs-mvp] [   scheduling-1] com.example.cbs_mvp.batch.NightlyBatch   : [NightlyBatch] drafts created: 0
2026-01-18T23:27:56.651+09:00  INFO 23424 --- [cbs-mvp] [   scheduling-1] com.example.cbs_mvp.batch.NightlyBatch   : [NightlyBatch] drafts created: 0
2026-01-18T23:28:06.651+09:00  INFO 23424 --- [cbs-mvp] [   scheduling-1] com.example.cbs_mvp.batch.NightlyBatch   : [NightlyBatch] drafts created: 0
2026-01-18T23:28:16.650+09:00  INFO 23424 --- [cbs-mvp] [   scheduling-1] com.example.cbs_mvp.batch.NightlyBatch   : [NightlyBatch] drafts created: 0
2026-01-18T23:28:26.652+09:00  INFO 23424 --- [cbs-mvp] [   scheduling-1] com.example.cbs_mvp.batch.NightlyBatch   : [NightlyBatch] drafts created: 0
2026-01-18T23:28:36.651+09:00  INFO 23424 --- [cbs-mvp] [   scheduling-1] com.example.cbs_mvp.batch.NightlyBatch   : [NightlyBatch] drafts created: 0
2026-01-18T23:28:46.655+09:00  INFO 23424 --- [cbs-mvp] [   scheduling-1] com.example.cbs_mvp.batch.NightlyBatch   : [NightlyBatch] drafts created: 0
2026-01-18T23:28:56.655+09:00  INFO 23424 --- [cbs-mvp] [   scheduling-1] com.example.cbs_mvp.batch.NightlyBatch   : [NightlyBatch] drafts created: 0
2026-01-18T23:29:06.653+09:00  INFO 23424 --- [cbs-mvp] [   scheduling-1] com.example.cbs_mvp.batch.NightlyBatch   : [NightlyBatch] drafts created: 0
2026-01-18T23:29:16.652+09:00  INFO 23424 --- [cbs-mvp] [   scheduling-1] com.example.cbs_mvp.batch.NightlyBatch   : [NightlyBatch] drafts created: 0
2026-01-18T23:29:26.655+09:00  INFO 23424 --- [cbs-mvp] [   scheduling-1] com.example.cbs_mvp.batch.NightlyBatch   : [NightlyBatch] drafts created: 0
2026-01-18T23:29:36.659+09:00  INFO 23424 --- [cbs-mvp] [   scheduling-1] com.example.cbs_mvp.batch.NightlyBatch   : [NightlyBatch] drafts created: 0
2026-01-18T23:29:46.655+09:00  INFO 23424 --- [cbs-mvp] [   scheduling-1] com.example.cbs_mvp.batch.NightlyBatch   : [NightlyBatch] drafts created: 0
2026-01-18T23:29:56.655+09:00  INFO 23424 --- [cbs-mvp] [   scheduling-1] com.example.cbs_mvp.batch.NightlyBatch   : [NightlyBatch] drafts created: 0
2026-01-18T23:30:06.660+09:00  INFO 23424 --- [cbs-mvp] [   scheduling-1] com.example.cbs_mvp.batch.NightlyBatch   : [NightlyBatch] drafts created: 0
2026-01-18T23:30:16.655+09:00  INFO 23424 --- [cbs-mvp] [   scheduling-1] com.example.cbs_mvp.batch.NightlyBatch   : [NightlyBatch] drafts created: 0
2026-01-18T23:30:26.651+09:00  INFO 23424 --- [cbs-mvp] [   scheduling-1] com.example.cbs_mvp.batch.NightlyBatch   : [NightlyBatch] drafts created: 0
2026-01-18T23:30:36.651+09:00  INFO 23424 --- [cbs-mvp] [   scheduling-1] com.example.cbs_mvp.batch.NightlyBatch   : [NightlyBatch] drafts created: 0
2026-01-18T23:30:46.651+09:00  INFO 23424 --- [cbs-mvp] [   scheduling-1] com.example.cbs_mvp.batch.NightlyBatch   : [NightlyBatch] drafts created: 0
2026-01-18T23:30:56.651+09:00  INFO 23424 --- [cbs-mvp] [   scheduling-1] com.example.cbs_mvp.batch.NightlyBatch   : [NightlyBatch] drafts created: 0
2026-01-18T23:31:06.655+09:00  INFO 23424 --- [cbs-mvp] [   scheduling-1] com.example.cbs_mvp.batch.NightlyBatch   : [NightlyBatch] drafts created: 0
2026-01-18T23:31:16.651+09:00  INFO 23424 --- [cbs-mvp] [   scheduling-1] com.example.cbs_mvp.batch.NightlyBatch   : [NightlyBatch] drafts created: 0
2026-01-18T23:31:26.652+09:00  INFO 23424 --- [cbs-mvp] [   scheduling-1] com.example.cbs_mvp.batch.NightlyBatch   : [NightlyBatch] drafts created: 0
2026-01-18T23:31:36.652+09:00  INFO 23424 --- [cbs-mvp] [   scheduling-1] com.example.cbs_mvp.batch.NightlyBatch   : [NightlyBatch] drafts created: 0
2026-01-18T23:31:46.653+09:00  INFO 23424 --- [cbs-mvp] [   scheduling-1] com.example.cbs_mvp.batch.NightlyBatch   : [NightlyBatch] drafts created: 0
2026-01-18T23:31:56.652+09:00  INFO 23424 --- [cbs-mvp] [   scheduling-1] com.example.cbs_mvp.batch.NightlyBatch   : [NightlyBatch] drafts created: 0
2026-01-18T23:32:06.652+09:00  INFO 23424 --- [cbs-mvp] [   scheduling-1] com.example.cbs_mvp.batch.NightlyBatch   : [NightlyBatch] drafts created: 0
2026-01-18T23:32:16.656+09:00  INFO 23424 --- [cbs-mvp] [   scheduling-1] com.example.cbs_mvp.batch.NightlyBatch   : [NightlyBatch] drafts created: 0
2026-01-18T23:32:26.652+09:00  INFO 23424 --- [cbs-mvp] [   scheduling-1] com.example.cbs_mvp.batch.NightlyBatch   : [NightlyBatch] drafts created: 0
2026-01-18T23:32:36.658+09:00  INFO 23424 --- [cbs-mvp] [   scheduling-1] com.example.cbs_mvp.batch.NightlyBatch   : [NightlyBatch] drafts created: 0
2026-01-18T23:32:46.657+09:00  INFO 23424 --- [cbs-mvp] [   scheduling-1] com.example.cbs_mvp.batch.NightlyBatch   : [NightlyBatch] drafts created: 0
2026-01-18T23:32:56.652+09:00  INFO 23424 --- [cbs-mvp] [   scheduling-1] com.example.cbs_mvp.batch.NightlyBatch   : [NightlyBatch] drafts created: 0
2026-01-18T23:33:06.652+09:00  INFO 23424 --- [cbs-mvp] [   scheduling-1] com.example.cbs_mvp.batch.NightlyBatch   : [NightlyBatch] drafts created: 0
2026-01-18T23:33:16.652+09:00  INFO 23424 --- [cbs-mvp] [   scheduling-1] com.example.cbs_mvp.batch.NightlyBatch   : [NightlyBatch] drafts created: 0
2026-01-18T23:33:26.652+09:00  INFO 23424 --- [cbs-mvp] [   scheduling-1] com.example.cbs_mvp.batch.NightlyBatch   : [NightlyBatch] drafts created: 0
2026-01-18T23:33:36.653+09:00  INFO 23424 --- [cbs-mvp] [   scheduling-1] com.example.cbs_mvp.batch.NightlyBatch   : [NightlyBatch] drafts created: 0
2026-01-18T23:33:46.654+09:00  INFO 23424 --- [cbs-mvp] [   scheduling-1] com.example.cbs_mvp.batch.NightlyBatch   : [NightlyBatch] drafts created: 0
2026-01-18T23:33:56.655+09:00  INFO 23424 --- [cbs-mvp] [   scheduling-1] com.example.cbs_mvp.batch.NightlyBatch   : [NightlyBatch] drafts created: 0
2026-01-18T23:34:06.653+09:00  INFO 23424 --- [cbs-mvp] [   scheduling-1] com.example.cbs_mvp.batch.NightlyBatch   : [NightlyBatch] drafts created: 0
2026-01-18T23:34:16.654+09:00  INFO 23424 --- [cbs-mvp] [   scheduling-1] com.example.cbs_mvp.batch.NightlyBatch   : [NightlyBatch] drafts created: 0
2026-01-18T23:34:26.657+09:00  INFO 23424 --- [cbs-mvp] [   scheduling-1] com.example.cbs_mvp.batch.NightlyBatch   : [NightlyBatch] drafts created: 0
2026-01-18T23:34:36.651+09:00  INFO 23424 --- [cbs-mvp] [   scheduling-1] com.example.cbs_mvp.batch.NightlyBatch   : [NightlyBatch] drafts created: 0
2026-01-18T23:34:46.656+09:00  INFO 23424 --- [cbs-mvp] [   scheduling-1] com.example.cbs_mvp.batch.NightlyBatch   : [NightlyBatch] drafts created: 0
2026-01-18T23:34:56.660+09:00  INFO 23424 --- [cbs-mvp] [   scheduling-1] com.example.cbs_mvp.batch.NightlyBatch   : [NightlyBatch] drafts created: 0
2026-01-18T23:35:06.656+09:00  INFO 23424 --- [cbs-mvp] [   scheduling-1] com.example.cbs_mvp.batch.NightlyBatch   : [NightlyBatch] drafts created: 0
2026-01-18T23:35:16.654+09:00  INFO 23424 --- [cbs-mvp] [   scheduling-1] com.example.cbs_mvp.batch.NightlyBatch   : [NightlyBatch] drafts created: 0
2026-01-18T23:35:26.656+09:00  INFO 23424 --- [cbs-mvp] [   scheduling-1] com.example.cbs_mvp.batch.NightlyBatch   : [NightlyBatch] drafts created: 0
2026-01-18T23:35:36.652+09:00  INFO 23424 --- [cbs-mvp] [   scheduling-1] com.example.cbs_mvp.batch.NightlyBatch   : [NightlyBatch] drafts created: 0
2026-01-18T23:35:46.652+09:00  INFO 23424 --- [cbs-mvp] [   scheduling-1] com.example.cbs_mvp.batch.NightlyBatch   : [NightlyBatch] drafts created: 0
2026-01-18T23:35:56.652+09:00  INFO 23424 --- [cbs-mvp] [   scheduling-1] com.example.cbs_mvp.batch.NightlyBatch   : [NightlyBatch] drafts created: 0
2026-01-18T23:36:06.652+09:00  INFO 23424 --- [cbs-mvp] [   scheduling-1] com.example.cbs_mvp.batch.NightlyBatch   : [NightlyBatch] drafts created: 0
2026-01-18T23:36:16.655+09:00  INFO 23424 --- [cbs-mvp] [   scheduling-1] com.example.cbs_mvp.batch.NightlyBatch   : [NightlyBatch] drafts created: 0
2026-01-18T23:36:26.656+09:00  INFO 23424 --- [cbs-mvp] [   scheduling-1] com.example.cbs_mvp.batch.NightlyBatch   : [NightlyBatch] drafts created: 0
2026-01-18T23:36:36.653+09:00  INFO 23424 --- [cbs-mvp] [   scheduling-1] com.example.cbs_mvp.batch.NightlyBatch   : [NightlyBatch] drafts created: 0
2026-01-18T23:36:46.662+09:00  INFO 23424 --- [cbs-mvp] [   scheduling-1] com.example.cbs_mvp.batch.NightlyBatch   : [NightlyBatch] drafts created: 0
2026-01-18T23:36:56.652+09:00  INFO 23424 --- [cbs-mvp] [   scheduling-1] com.example.cbs_mvp.batch.NightlyBatch   : [NightlyBatch] drafts created: 0
2026-01-18T23:37:06.652+09:00  INFO 23424 --- [cbs-mvp] [   scheduling-1] com.example.cbs_mvp.batch.NightlyBatch   : [NightlyBatch] drafts created: 0
2026-01-18T23:37:16.661+09:00  INFO 23424 --- [cbs-mvp] [   scheduling-1] com.example.cbs_mvp.batch.NightlyBatch   : [NightlyBatch] drafts created: 0
2026-01-18T23:37:26.652+09:00  INFO 23424 --- [cbs-mvp] [   scheduling-1] com.example.cbs_mvp.batch.NightlyBatch   : [NightlyBatch] drafts created: 0
2026-01-18T23:37:36.656+09:00  INFO 23424 --- [cbs-mvp] [   scheduling-1] com.example.cbs_mvp.batch.NightlyBatch   : [NightlyBatch] drafts created: 0
2026-01-18T23:37:46.653+09:00  INFO 23424 --- [cbs-mvp] [   scheduling-1] com.example.cbs_mvp.batch.NightlyBatch   : [NightlyBatch] drafts created: 0
2026-01-18T23:37:56.652+09:00  INFO 23424 --- [cbs-mvp] [   scheduling-1] com.example.cbs_mvp.batch.NightlyBatch   : [NightlyBatch] drafts created: 0
2026-01-18T23:38:06.654+09:00  INFO 23424 --- [cbs-mvp] [   scheduling-1] com.example.cbs_mvp.batch.NightlyBatch   : [NightlyBatch] drafts created: 0
2026-01-18T23:38:16.652+09:00  INFO 23424 --- [cbs-mvp] [   scheduling-1] com.example.cbs_mvp.batch.NightlyBatch   : [NightlyBatch] drafts created: 0
2026-01-18T23:38:26.655+09:00  INFO 23424 --- [cbs-mvp] [   scheduling-1] com.example.cbs_mvp.batch.NightlyBatch   : [NightlyBatch] drafts created: 0
2026-01-18T23:38:36.652+09:00  INFO 23424 --- [cbs-mvp] [   scheduling-1] com.example.cbs_mvp.batch.NightlyBatch   : [NightlyBatch] drafts created: 0
2026-01-18T23:38:46.654+09:00  INFO 23424 --- [cbs-mvp] [   scheduling-1] com.example.cbs_mvp.batch.NightlyBatch   : [NightlyBatch] drafts created: 0
2026-01-18T23:38:56.652+09:00  INFO 23424 --- [cbs-mvp] [   scheduling-1] com.example.cbs_mvp.batch.NightlyBatch   : [NightlyBatch] drafts created: 0
2026-01-18T23:39:06.651+09:00  INFO 23424 --- [cbs-mvp] [   scheduling-1] com.example.cbs_mvp.batch.NightlyBatch   : [NightlyBatch] drafts created: 0
2026-01-18T23:39:16.651+09:00  INFO 23424 --- [cbs-mvp] [   scheduling-1] com.example.cbs_mvp.batch.NightlyBatch   : [NightlyBatch] drafts created: 0
2026-01-18T23:39:26.657+09:00  INFO 23424 --- [cbs-mvp] [   scheduling-1] com.example.cbs_mvp.batch.NightlyBatch   : [NightlyBatch] drafts created: 0
2026-01-18T23:39:36.654+09:00  INFO 23424 --- [cbs-mvp] [   scheduling-1] com.example.cbs_mvp.batch.NightlyBatch   : [NightlyBatch] drafts created: 0
2026-01-18T23:39:46.652+09:00  INFO 23424 --- [cbs-mvp] [   scheduling-1] com.example.cbs_mvp.batch.NightlyBatch   : [NightlyBatch] drafts created: 0
2026-01-18T23:39:56.661+09:00  INFO 23424 --- [cbs-mvp] [   scheduling-1] com.example.cbs_mvp.batch.NightlyBatch   : [NightlyBatch] drafts created: 0
2026-01-18T23:40:06.656+09:00  INFO 23424 --- [cbs-mvp] [   scheduling-1] com.example.cbs_mvp.batch.NightlyBatch   : [NightlyBatch] drafts created: 0
2026-01-18T23:40:16.652+09:00  INFO 23424 --- [cbs-mvp] [   scheduling-1] com.example.cbs_mvp.batch.NightlyBatch   : [NightlyBatch] drafts created: 0
2026-01-18T23:40:26.657+09:00  INFO 23424 --- [cbs-mvp] [   scheduling-1] com.example.cbs_mvp.batch.NightlyBatch   : [NightlyBatch] drafts created: 0
2026-01-18T23:40:36.655+09:00  INFO 23424 --- [cbs-mvp] [   scheduling-1] com.example.cbs_mvp.batch.NightlyBatch   : [NightlyBatch] drafts created: 0
2026-01-18T23:40:46.659+09:00  INFO 23424 --- [cbs-mvp] [   scheduling-1] com.example.cbs_mvp.batch.NightlyBatch   : [NightlyBatch] drafts created: 0
2026-01-18T23:40:56.653+09:00  INFO 23424 --- [cbs-mvp] [   scheduling-1] com.example.cbs_mvp.batch.NightlyBatch   : [NightlyBatch] drafts created: 0
2026-01-18T23:41:06.656+09:00  INFO 23424 --- [cbs-mvp] [   scheduling-1] com.example.cbs_mvp.batch.NightlyBatch   : [NightlyBatch] drafts created: 0
2026-01-18T23:41:16.653+09:00  INFO 23424 --- [cbs-mvp] [   scheduling-1] com.example.cbs_mvp.batch.NightlyBatch   : [NightlyBatch] drafts created: 0
2026-01-18T23:41:26.657+09:00  INFO 23424 --- [cbs-mvp] [   scheduling-1] com.example.cbs_mvp.batch.NightlyBatch   : [NightlyBatch] drafts created: 0
2026-01-18T23:41:36.653+09:00  INFO 23424 --- [cbs-mvp] [   scheduling-1] com.example.cbs_mvp.batch.NightlyBatch   : [NightlyBatch] drafts created: 0
2026-01-18T23:41:46.664+09:00  INFO 23424 --- [cbs-mvp] [   scheduling-1] com.example.cbs_mvp.batch.NightlyBatch   : [NightlyBatch] drafts created: 0
2026-01-18T23:41:56.656+09:00  INFO 23424 --- [cbs-mvp] [   scheduling-1] com.example.cbs_mvp.batch.NightlyBatch   : [NightlyBatch] drafts created: 0
2026-01-18T23:42:06.656+09:00  INFO 23424 --- [cbs-mvp] [   scheduling-1] com.example.cbs_mvp.batch.NightlyBatch   : [NightlyBatch] drafts created: 0
2026-01-18T23:42:16.656+09:00  INFO 23424 --- [cbs-mvp] [   scheduling-1] com.example.cbs_mvp.batch.NightlyBatch   : [NightlyBatch] drafts created: 0
2026-01-18T23:42:26.651+09:00  INFO 23424 --- [cbs-mvp] [   scheduling-1] com.example.cbs_mvp.batch.NightlyBatch   : [NightlyBatch] drafts created: 0
2026-01-18T23:42:36.654+09:00  INFO 23424 --- [cbs-mvp] [   scheduling-1] com.example.cbs_mvp.batch.NightlyBatch   : [NightlyBatch] drafts created: 0
2026-01-18T23:42:46.653+09:00  INFO 23424 --- [cbs-mvp] [   scheduling-1] com.example.cbs_mvp.batch.NightlyBatch   : [NightlyBatch] drafts created: 0
2026-01-18T23:42:56.652+09:00  INFO 23424 --- [cbs-mvp] [   scheduling-1] com.example.cbs_mvp.batch.NightlyBatch   : [NightlyBatch] drafts created: 0
2026-01-18T23:43:06.654+09:00  INFO 23424 --- [cbs-mvp] [   scheduling-1] com.example.cbs_mvp.batch.NightlyBatch   : [NightlyBatch] drafts created: 0
2026-01-18T23:43:16.651+09:00  INFO 23424 --- [cbs-mvp] [   scheduling-1] com.example.cbs_mvp.batch.NightlyBatch   : [NightlyBatch] drafts created: 0
2026-01-18T23:43:26.664+09:00  INFO 23424 --- [cbs-mvp] [   scheduling-1] com.example.cbs_mvp.batch.NightlyBatch   : [NightlyBatch] drafts created: 0
2026-01-18T23:43:36.654+09:00  INFO 23424 --- [cbs-mvp] [   scheduling-1] com.example.cbs_mvp.batch.NightlyBatch   : [NightlyBatch] drafts created: 0
2026-01-18T23:43:46.651+09:00  INFO 23424 --- [cbs-mvp] [   scheduling-1] com.example.cbs_mvp.batch.NightlyBatch   : [NightlyBatch] drafts created: 0
2026-01-18T23:43:56.651+09:00  INFO 23424 --- [cbs-mvp] [   scheduling-1] com.example.cbs_mvp.batch.NightlyBatch   : [NightlyBatch] drafts created: 0
2026-01-18T23:44:06.652+09:00  INFO 23424 --- [cbs-mvp] [   scheduling-1] com.example.cbs_mvp.batch.NightlyBatch   : [NightlyBatch] drafts created: 0
2026-01-18T23:44:16.652+09:00  INFO 23424 --- [cbs-mvp] [   scheduling-1] com.example.cbs_mvp.batch.NightlyBatch   : [NightlyBatch] drafts created: 0
2026-01-18T23:44:26.653+09:00  INFO 23424 --- [cbs-mvp] [   scheduling-1] com.example.cbs_mvp.batch.NightlyBatch   : [NightlyBatch] drafts created: 0
